15:59:29.297 [main] DEBUG - Save part 'xl/workbook.xml'
15:59:29.307 [main] DEBUG - Save part 'xl/worksheets/sheet1.xml'
15:59:29.308 [main] DEBUG - Save part 'xl/worksheets/sheet2.xml'
15:59:29.309 [main] DEBUG - Save part 'xl/worksheets/sheet3.xml'
15:59:29.371 [main] DEBUG - Parsing relationship: /xl/_rels/workbook.xml.rels
15:59:29.372 [main] DEBUG - Parsing relationship: /xl/worksheets/_rels/sheet2.xml.rels
15:59:29.372 [main] DEBUG - Parsing relationship: /_rels/.rels
15:59:29.392 [main] DEBUG - Save content types part
15:59:29.393 [main] DEBUG - Save package relationships
15:59:29.395 [main] DEBUG - Save part 'docProps/app.xml'
15:59:29.415 [main] DEBUG - Save part 'docProps/core.xml'
15:59:29.417 [main] DEBUG - Save part 'xl/sharedStrings.xml'
15:59:29.417 [main] DEBUG - Save part 'xl/styles.xml'
15:59:29.418 [main] DEBUG - Save part 'xl/theme/theme1.xml'
15:59:29.418 [main] DEBUG - Save part 'xl/workbook.xml'
15:59:29.422 [main] DEBUG - Save part 'xl/worksheets/sheet1.xml'
15:59:29.423 [main] DEBUG - Save part 'xl/worksheets/sheet2.xml'
15:59:29.424 [main] DEBUG - Save part 'xl/worksheets/sheet3.xml'
15:59:29.466 [main] DEBUG - Parsing relationship: /xl/_rels/workbook.xml.rels
15:59:29.467 [main] DEBUG - Parsing relationship: /xl/worksheets/_rels/sheet2.xml.rels
15:59:29.468 [main] DEBUG - Parsing relationship: /_rels/.rels
15:59:29.487 [main] DEBUG - Save content types part
15:59:29.488 [main] DEBUG - Save package relationships
15:59:29.489 [main] DEBUG - Save part 'docProps/app.xml'
15:59:29.489 [main] DEBUG - Save part 'docProps/core.xml'
15:59:29.490 [main] DEBUG - Save part 'xl/sharedStrings.xml'
15:59:29.490 [main] DEBUG - Save part 'xl/styles.xml'
15:59:29.491 [main] DEBUG - Save part 'xl/theme/theme1.xml'
15:59:29.491 [main] DEBUG - Save part 'xl/workbook.xml'
15:59:29.492 [main] DEBUG - Save part 'xl/worksheets/sheet1.xml'
15:59:29.492 [main] DEBUG - Save part 'xl/worksheets/sheet2.xml'
15:59:29.494 [main] DEBUG - Save part 'xl/worksheets/sheet3.xml'
15:59:29.522 [main] DEBUG - Parsing relationship: /xl/_rels/workbook.xml.rels
15:59:29.523 [main] DEBUG - Parsing relationship: /xl/worksheets/_rels/sheet2.xml.rels
15:59:29.523 [main] DEBUG - Parsing relationship: /_rels/.rels
15:59:29.540 [main] DEBUG - Save content types part
15:59:29.541 [main] DEBUG - Save package relationships
15:59:29.541 [main] DEBUG - Save part 'docProps/app.xml'
15:59:29.541 [main] DEBUG - Save part 'docProps/core.xml'
15:59:29.542 [main] DEBUG - Save part 'xl/sharedStrings.xml'
15:59:29.542 [main] DEBUG - Save part 'xl/styles.xml'
15:59:29.542 [main] DEBUG - Save part 'xl/theme/theme1.xml'
15:59:29.543 [main] DEBUG - Save part 'xl/workbook.xml'
15:59:29.544 [main] DEBUG - Save part 'xl/worksheets/sheet1.xml'
15:59:29.545 [main] DEBUG - Save part 'xl/worksheets/sheet2.xml'
15:59:29.546 [main] DEBUG - Save part 'xl/worksheets/sheet3.xml'
15:59:29.611 [main] DEBUG - Parsing relationship: /xl/_rels/workbook.xml.rels
15:59:29.612 [main] DEBUG - Parsing relationship: /xl/worksheets/_rels/sheet2.xml.rels
15:59:29.612 [main] DEBUG - Parsing relationship: /_rels/.rels
15:59:29.633 [main] DEBUG - Save content types part
15:59:29.634 [main] DEBUG - Save package relationships
15:59:29.635 [main] DEBUG - Save part 'docProps/app.xml'
15:59:29.636 [main] DEBUG - Save part 'docProps/core.xml'
15:59:29.637 [main] DEBUG - Save part 'xl/sharedStrings.xml'
15:59:29.637 [main] DEBUG - Save part 'xl/styles.xml'
15:59:29.638 [main] DEBUG - Save part 'xl/theme/theme1.xml'
15:59:29.638 [main] DEBUG - Save part 'xl/workbook.xml'
15:59:29.639 [main] DEBUG - Save part 'xl/worksheets/sheet1.xml'
15:59:29.639 [main] DEBUG - Save part 'xl/worksheets/sheet2.xml'
15:59:29.640 [main] DEBUG - Save part 'xl/worksheets/sheet3.xml'
15:59:29.668 [main] DEBUG - Parsing relationship: /xl/_rels/workbook.xml.rels
15:59:29.669 [main] DEBUG - Parsing relationship: /xl/worksheets/_rels/sheet2.xml.rels
15:59:29.670 [main] DEBUG - Parsing relationship: /_rels/.rels
15:59:29.693 [main] DEBUG - Save content types part
15:59:29.695 [main] DEBUG - Save package relationships
15:59:29.697 [main] DEBUG - Save part 'docProps/app.xml'
15:59:29.698 [main] DEBUG - Save part 'docProps/core.xml'
15:59:29.699 [main] DEBUG - Save part 'xl/sharedStrings.xml'
15:59:29.699 [main] DEBUG - Save part 'xl/styles.xml'
15:59:29.699 [main] DEBUG - Save part 'xl/theme/theme1.xml'
15:59:29.699 [main] DEBUG - Save part 'xl/workbook.xml'
15:59:29.700 [main] DEBUG - Save part 'xl/worksheets/sheet1.xml'
15:59:29.701 [main] DEBUG - Save part 'xl/worksheets/sheet2.xml'
15:59:29.701 [main] DEBUG - Save part 'xl/worksheets/sheet3.xml'
15:59:29.726 [main] DEBUG - Parsing relationship: /xl/_rels/workbook.xml.rels
15:59:29.726 [main] DEBUG - Parsing relationship: /xl/worksheets/_rels/sheet2.xml.rels
15:59:29.727 [main] DEBUG - Parsing relationship: /_rels/.rels
15:59:29.748 [main] DEBUG - Save content types part
15:59:29.751 [main] DEBUG - Save package relationships
15:59:29.752 [main] DEBUG - Save part 'docProps/app.xml'
15:59:29.753 [main] DEBUG - Save part 'docProps/core.xml'
15:59:29.754 [main] DEBUG - Save part 'xl/sharedStrings.xml'
15:59:29.755 [main] DEBUG - Save part 'xl/styles.xml'
15:59:29.755 [main] DEBUG - Save part 'xl/theme/theme1.xml'
15:59:29.755 [main] DEBUG - Save part 'xl/workbook.xml'
15:59:29.757 [main] DEBUG - Save part 'xl/worksheets/sheet1.xml'
15:59:29.757 [main] DEBUG - Save part 'xl/worksheets/sheet2.xml'
15:59:29.758 [main] DEBUG - Save part 'xl/worksheets/sheet3.xml'
15:59:29.816 [main] DEBUG - Parsing relationship: /xl/_rels/workbook.xml.rels
15:59:29.817 [main] DEBUG - Parsing relationship: /xl/worksheets/_rels/sheet2.xml.rels
15:59:29.818 [main] DEBUG - Parsing relationship: /_rels/.rels
15:59:29.841 [main] DEBUG - Save content types part
15:59:29.842 [main] DEBUG - Save package relationships
15:59:29.843 [main] DEBUG - Save part 'docProps/app.xml'
15:59:29.844 [main] DEBUG - Save part 'docProps/core.xml'
15:59:29.845 [main] DEBUG - Save part 'xl/sharedStrings.xml'
15:59:29.845 [main] DEBUG - Save part 'xl/styles.xml'
15:59:29.846 [main] DEBUG - Save part 'xl/theme/theme1.xml'
15:59:29.846 [main] DEBUG - Save part 'xl/workbook.xml'
15:59:29.848 [main] DEBUG - Save part 'xl/worksheets/sheet1.xml'
15:59:29.848 [main] DEBUG - Save part 'xl/worksheets/sheet2.xml'
15:59:29.849 [main] DEBUG - Save part 'xl/worksheets/sheet3.xml'
15:59:29.874 [main] DEBUG - Parsing relationship: /xl/_rels/workbook.xml.rels
15:59:29.874 [main] DEBUG - Parsing relationship: /xl/worksheets/_rels/sheet2.xml.rels
15:59:29.874 [main] DEBUG - Parsing relationship: /_rels/.rels
15:59:29.886 [main] DEBUG - Save content types part
15:59:29.887 [main] DEBUG - Save package relationships
15:59:29.887 [main] DEBUG - Save part 'docProps/app.xml'
15:59:29.888 [main] DEBUG - Save part 'docProps/core.xml'
15:59:29.888 [main] DEBUG - Save part 'xl/sharedStrings.xml'
15:59:29.889 [main] DEBUG - Save part 'xl/styles.xml'
15:59:29.889 [main] DEBUG - Save part 'xl/theme/theme1.xml'
15:59:29.889 [main] DEBUG - Save part 'xl/workbook.xml'
15:59:29.890 [main] DEBUG - Save part 'xl/worksheets/sheet1.xml'
15:59:29.890 [main] DEBUG - Save part 'xl/worksheets/sheet2.xml'
15:59:29.891 [main] DEBUG - Save part 'xl/worksheets/sheet3.xml'
15:59:29.915 [main] DEBUG - Parsing relationship: /xl/_rels/workbook.xml.rels
15:59:29.915 [main] DEBUG - Parsing relationship: /xl/worksheets/_rels/sheet2.xml.rels
15:59:29.915 [main] DEBUG - Parsing relationship: /_rels/.rels
15:59:29.929 [main] DEBUG - Save content types part
15:59:29.930 [main] DEBUG - Save package relationships
15:59:29.933 [main] DEBUG - Save part 'docProps/app.xml'
15:59:29.933 [main] DEBUG - Save part 'docProps/core.xml'
15:59:29.934 [main] DEBUG - Save part 'xl/sharedStrings.xml'
15:59:29.934 [main] DEBUG - Save part 'xl/styles.xml'
15:59:29.935 [main] DEBUG - Save part 'xl/theme/theme1.xml'
15:59:29.935 [main] DEBUG - Save part 'xl/workbook.xml'
15:59:29.937 [main] DEBUG - Save part 'xl/worksheets/sheet1.xml'
15:59:29.938 [main] DEBUG - Save part 'xl/worksheets/sheet2.xml'
15:59:29.939 [main] DEBUG - Save part 'xl/worksheets/sheet3.xml'
15:59:29.997 [main] DEBUG - Parsing relationship: /xl/_rels/workbook.xml.rels
15:59:29.998 [main] DEBUG - Parsing relationship: /xl/worksheets/_rels/sheet2.xml.rels
15:59:29.998 [main] DEBUG - Parsing relationship: /_rels/.rels
15:59:30.009 [main] DEBUG - Save content types part
15:59:30.010 [main] DEBUG - Save package relationships
15:59:30.010 [main] DEBUG - Save part 'docProps/app.xml'
15:59:30.011 [main] DEBUG - Save part 'docProps/core.xml'
15:59:30.011 [main] DEBUG - Save part 'xl/sharedStrings.xml'
15:59:30.011 [main] DEBUG - Save part 'xl/styles.xml'
15:59:30.012 [main] DEBUG - Save part 'xl/theme/theme1.xml'
15:59:30.012 [main] DEBUG - Save part 'xl/workbook.xml'
15:59:30.013 [main] DEBUG - Save part 'xl/worksheets/sheet1.xml'
15:59:30.013 [main] DEBUG - Save part 'xl/worksheets/sheet2.xml'
15:59:30.014 [main] DEBUG - Save part 'xl/worksheets/sheet3.xml'
15:59:30.038 [main] DEBUG - Parsing relationship: /xl/_rels/workbook.xml.rels
15:59:30.039 [main] DEBUG - Parsing relationship: /xl/worksheets/_rels/sheet2.xml.rels
15:59:30.039 [main] DEBUG - Parsing relationship: /_rels/.rels
15:59:30.052 [main] DEBUG - Save content types part
15:59:30.053 [main] DEBUG - Save package relationships
15:59:30.054 [main] DEBUG - Save part 'docProps/app.xml'
15:59:30.054 [main] DEBUG - Save part 'docProps/core.xml'
15:59:30.056 [main] DEBUG - Save part 'xl/sharedStrings.xml'
15:59:30.056 [main] DEBUG - Save part 'xl/styles.xml'
15:59:30.056 [main] DEBUG - Save part 'xl/theme/theme1.xml'
15:59:30.057 [main] DEBUG - Save part 'xl/workbook.xml'
15:59:30.058 [main] DEBUG - Save part 'xl/worksheets/sheet1.xml'
15:59:30.058 [main] DEBUG - Save part 'xl/worksheets/sheet2.xml'
15:59:30.059 [main] DEBUG - Save part 'xl/worksheets/sheet3.xml'
15:59:30.084 [main] DEBUG - Parsing relationship: /xl/_rels/workbook.xml.rels
15:59:30.084 [main] DEBUG - Parsing relationship: /xl/worksheets/_rels/sheet2.xml.rels
15:59:30.085 [main] DEBUG - Parsing relationship: /_rels/.rels
15:59:30.100 [main] DEBUG - Save content types part
15:59:30.101 [main] DEBUG - Save package relationships
15:59:30.102 [main] DEBUG - Save part 'docProps/app.xml'
15:59:30.102 [main] DEBUG - Save part 'docProps/core.xml'
15:59:30.103 [main] DEBUG - Save part 'xl/sharedStrings.xml'
15:59:30.103 [main] DEBUG - Save part 'xl/styles.xml'
15:59:30.104 [main] DEBUG - Save part 'xl/theme/theme1.xml'
15:59:30.104 [main] DEBUG - Save part 'xl/workbook.xml'
15:59:30.105 [main] DEBUG - Save part 'xl/worksheets/sheet1.xml'
15:59:30.105 [main] DEBUG - Save part 'xl/worksheets/sheet2.xml'
15:59:30.106 [main] DEBUG - Save part 'xl/worksheets/sheet3.xml'
15:59:30.166 [main] DEBUG - Parsing relationship: /xl/_rels/workbook.xml.rels
15:59:30.167 [main] DEBUG - Parsing relationship: /xl/worksheets/_rels/sheet2.xml.rels
15:59:30.167 [main] DEBUG - Parsing relationship: /_rels/.rels
15:59:30.180 [main] DEBUG - Save content types part
15:59:30.181 [main] DEBUG - Save package relationships
15:59:30.181 [main] DEBUG - Save part 'docProps/app.xml'
15:59:30.182 [main] DEBUG - Save part 'docProps/core.xml'
15:59:30.182 [main] DEBUG - Save part 'xl/sharedStrings.xml'
15:59:30.182 [main] DEBUG - Save part 'xl/styles.xml'
15:59:30.183 [main] DEBUG - Save part 'xl/theme/theme1.xml'
15:59:30.183 [main] DEBUG - Save part 'xl/workbook.xml'
15:59:30.184 [main] DEBUG - Save part 'xl/worksheets/sheet1.xml'
15:59:30.184 [main] DEBUG - Save part 'xl/worksheets/sheet2.xml'
15:59:30.186 [main] DEBUG - Save part 'xl/worksheets/sheet3.xml'
15:59:30.210 [main] DEBUG - Parsing relationship: /xl/_rels/workbook.xml.rels
15:59:30.211 [main] DEBUG - Parsing relationship: /xl/worksheets/_rels/sheet2.xml.rels
15:59:30.211 [main] DEBUG - Parsing relationship: /_rels/.rels
15:59:30.222 [main] DEBUG - Save content types part
15:59:30.223 [main] DEBUG - Save package relationships
15:59:30.224 [main] DEBUG - Save part 'docProps/app.xml'
15:59:30.224 [main] DEBUG - Save part 'docProps/core.xml'
15:59:30.225 [main] DEBUG - Save part 'xl/sharedStrings.xml'
15:59:30.225 [main] DEBUG - Save part 'xl/styles.xml'
15:59:30.225 [main] DEBUG - Save part 'xl/theme/theme1.xml'
15:59:30.225 [main] DEBUG - Save part 'xl/workbook.xml'
15:59:30.226 [main] DEBUG - Save part 'xl/worksheets/sheet1.xml'
15:59:30.226 [main] DEBUG - Save part 'xl/worksheets/sheet2.xml'
15:59:30.227 [main] DEBUG - Save part 'xl/worksheets/sheet3.xml'
15:59:30.249 [main] DEBUG - Parsing relationship: /xl/_rels/workbook.xml.rels
15:59:30.250 [main] DEBUG - Parsing relationship: /xl/worksheets/_rels/sheet2.xml.rels
15:59:30.250 [main] DEBUG - Parsing relationship: /_rels/.rels
15:59:30.266 [main] DEBUG - Save content types part
15:59:30.267 [main] DEBUG - Save package relationships
15:59:30.268 [main] DEBUG - Save part 'docProps/app.xml'
15:59:30.268 [main] DEBUG - Save part 'docProps/core.xml'
15:59:30.269 [main] DEBUG - Save part 'xl/sharedStrings.xml'
15:59:30.269 [main] DEBUG - Save part 'xl/styles.xml'
15:59:30.269 [main] DEBUG - Save part 'xl/theme/theme1.xml'
15:59:30.270 [main] DEBUG - Save part 'xl/workbook.xml'
15:59:30.271 [main] DEBUG - Save part 'xl/worksheets/sheet1.xml'
15:59:30.271 [main] DEBUG - Save part 'xl/worksheets/sheet2.xml'
15:59:30.272 [main] DEBUG - Save part 'xl/worksheets/sheet3.xml'
15:59:30.323 [main] DEBUG - Parsing relationship: /xl/_rels/workbook.xml.rels
15:59:30.324 [main] DEBUG - Parsing relationship: /xl/worksheets/_rels/sheet2.xml.rels
15:59:30.324 [main] DEBUG - Parsing relationship: /_rels/.rels
15:59:30.342 [main] DEBUG - Save content types part
15:59:30.344 [main] DEBUG - Save package relationships
15:59:30.345 [main] DEBUG - Save part 'docProps/app.xml'
15:59:30.345 [main] DEBUG - Save part 'docProps/core.xml'
15:59:30.347 [main] DEBUG - Save part 'xl/sharedStrings.xml'
15:59:30.347 [main] DEBUG - Save part 'xl/styles.xml'
15:59:30.347 [main] DEBUG - Save part 'xl/theme/theme1.xml'
15:59:30.348 [main] DEBUG - Save part 'xl/workbook.xml'
15:59:30.349 [main] DEBUG - Save part 'xl/worksheets/sheet1.xml'
15:59:30.349 [main] DEBUG - Save part 'xl/worksheets/sheet2.xml'
15:59:30.350 [main] DEBUG - Save part 'xl/worksheets/sheet3.xml'
15:59:30.374 [main] DEBUG - Parsing relationship: /xl/_rels/workbook.xml.rels
15:59:30.374 [main] DEBUG - Parsing relationship: /xl/worksheets/_rels/sheet2.xml.rels
15:59:30.374 [main] DEBUG - Parsing relationship: /_rels/.rels
15:59:30.389 [main] DEBUG - Save content types part
15:59:30.390 [main] DEBUG - Save package relationships
15:59:30.391 [main] DEBUG - Save part 'docProps/app.xml'
15:59:30.391 [main] DEBUG - Save part 'docProps/core.xml'
15:59:30.392 [main] DEBUG - Save part 'xl/sharedStrings.xml'
15:59:30.392 [main] DEBUG - Save part 'xl/styles.xml'
15:59:30.392 [main] DEBUG - Save part 'xl/theme/theme1.xml'
15:59:30.392 [main] DEBUG - Save part 'xl/workbook.xml'
15:59:30.393 [main] DEBUG - Save part 'xl/worksheets/sheet1.xml'
15:59:30.395 [main] DEBUG - Save part 'xl/worksheets/sheet2.xml'
15:59:30.396 [main] DEBUG - Save part 'xl/worksheets/sheet3.xml'
15:59:30.424 [main] DEBUG - Parsing relationship: /xl/_rels/workbook.xml.rels
15:59:30.424 [main] DEBUG - Parsing relationship: /xl/worksheets/_rels/sheet2.xml.rels
15:59:30.425 [main] DEBUG - Parsing relationship: /_rels/.rels
15:59:30.439 [main] DEBUG - Save content types part
15:59:30.440 [main] DEBUG - Save package relationships
15:59:30.440 [main] DEBUG - Save part 'docProps/app.xml'
15:59:30.440 [main] DEBUG - Save part 'docProps/core.xml'
15:59:30.441 [main] DEBUG - Save part 'xl/sharedStrings.xml'
15:59:30.441 [main] DEBUG - Save part 'xl/styles.xml'
15:59:30.441 [main] DEBUG - Save part 'xl/theme/theme1.xml'
15:59:30.442 [main] DEBUG - Save part 'xl/workbook.xml'
15:59:30.442 [main] DEBUG - Save part 'xl/worksheets/sheet1.xml'
15:59:30.442 [main] DEBUG - Save part 'xl/worksheets/sheet2.xml'
15:59:30.443 [main] DEBUG - Save part 'xl/worksheets/sheet3.xml'
15:59:30.496 [main] DEBUG - Parsing relationship: /xl/_rels/workbook.xml.rels
15:59:30.496 [main] DEBUG - Parsing relationship: /xl/worksheets/_rels/sheet2.xml.rels
15:59:30.496 [main] DEBUG - Parsing relationship: /_rels/.rels
15:59:30.512 [main] DEBUG - Save content types part
15:59:30.513 [main] DEBUG - Save package relationships
15:59:30.514 [main] DEBUG - Save part 'docProps/app.xml'
15:59:30.514 [main] DEBUG - Save part 'docProps/core.xml'
15:59:30.515 [main] DEBUG - Save part 'xl/sharedStrings.xml'
15:59:30.515 [main] DEBUG - Save part 'xl/styles.xml'
15:59:30.515 [main] DEBUG - Save part 'xl/theme/theme1.xml'
15:59:30.516 [main] DEBUG - Save part 'xl/workbook.xml'
15:59:30.517 [main] DEBUG - Save part 'xl/worksheets/sheet1.xml'
15:59:30.517 [main] DEBUG - Save part 'xl/worksheets/sheet2.xml'
15:59:30.518 [main] DEBUG - Save part 'xl/worksheets/sheet3.xml'
15:59:30.542 [main] DEBUG - Parsing relationship: /xl/_rels/workbook.xml.rels
15:59:30.543 [main] DEBUG - Parsing relationship: /xl/worksheets/_rels/sheet2.xml.rels
15:59:30.543 [main] DEBUG - Parsing relationship: /_rels/.rels
15:59:30.559 [main] DEBUG - Save content types part
15:59:30.560 [main] DEBUG - Save package relationships
15:59:30.561 [main] DEBUG - Save part 'docProps/app.xml'
15:59:30.561 [main] DEBUG - Save part 'docProps/core.xml'
15:59:30.562 [main] DEBUG - Save part 'xl/sharedStrings.xml'
15:59:30.563 [main] DEBUG - Save part 'xl/styles.xml'
15:59:30.563 [main] DEBUG - Save part 'xl/theme/theme1.xml'
15:59:30.563 [main] DEBUG - Save part 'xl/workbook.xml'
15:59:30.565 [main] DEBUG - Save part 'xl/worksheets/sheet1.xml'
15:59:30.565 [main] DEBUG - Save part 'xl/worksheets/sheet2.xml'
15:59:30.566 [main] DEBUG - Save part 'xl/worksheets/sheet3.xml'
15:59:30.592 [main] DEBUG - Parsing relationship: /xl/_rels/workbook.xml.rels
15:59:30.593 [main] DEBUG - Parsing relationship: /xl/worksheets/_rels/sheet2.xml.rels
15:59:30.593 [main] DEBUG - Parsing relationship: /_rels/.rels
15:59:30.607 [main] DEBUG - Save content types part
15:59:30.608 [main] DEBUG - Save package relationships
15:59:30.608 [main] DEBUG - Save part 'docProps/app.xml'
15:59:30.609 [main] DEBUG - Save part 'docProps/core.xml'
15:59:30.610 [main] DEBUG - Save part 'xl/sharedStrings.xml'
15:59:30.610 [main] DEBUG - Save part 'xl/styles.xml'
15:59:30.610 [main] DEBUG - Save part 'xl/theme/theme1.xml'
15:59:30.610 [main] DEBUG - Save part 'xl/workbook.xml'
15:59:30.612 [main] DEBUG - Save part 'xl/worksheets/sheet1.xml'
15:59:30.613 [main] DEBUG - Save part 'xl/worksheets/sheet2.xml'
15:59:30.613 [main] DEBUG - Save part 'xl/worksheets/sheet3.xml'
15:59:30.716 [main] DEBUG - Parsing relationship: /xl/_rels/workbook.xml.rels
15:59:30.716 [main] DEBUG - Parsing relationship: /xl/worksheets/_rels/sheet2.xml.rels
15:59:30.717 [main] DEBUG - Parsing relationship: /_rels/.rels
15:59:30.733 [main] DEBUG - Save content types part
15:59:30.734 [main] DEBUG - Save package relationships
15:59:30.735 [main] DEBUG - Save part 'docProps/app.xml'
15:59:30.735 [main] DEBUG - Save part 'docProps/core.xml'
15:59:30.736 [main] DEBUG - Save part 'xl/sharedStrings.xml'
15:59:30.736 [main] DEBUG - Save part 'xl/styles.xml'
15:59:30.736 [main] DEBUG - Save part 'xl/theme/theme1.xml'
15:59:30.736 [main] DEBUG - Save part 'xl/workbook.xml'
15:59:30.737 [main] DEBUG - Save part 'xl/worksheets/sheet1.xml'
15:59:30.737 [main] DEBUG - Save part 'xl/worksheets/sheet2.xml'
15:59:30.738 [main] DEBUG - Save part 'xl/worksheets/sheet3.xml'
15:59:30.761 [main] DEBUG - Parsing relationship: /xl/_rels/workbook.xml.rels
15:59:30.763 [main] DEBUG - Parsing relationship: /xl/worksheets/_rels/sheet2.xml.rels
15:59:30.763 [main] DEBUG - Parsing relationship: /_rels/.rels
15:59:30.772 [main] DEBUG - Save content types part
15:59:30.773 [main] DEBUG - Save package relationships
15:59:30.774 [main] DEBUG - Save part 'docProps/app.xml'
15:59:30.774 [main] DEBUG - Save part 'docProps/core.xml'
15:59:30.774 [main] DEBUG - Save part 'xl/sharedStrings.xml'
15:59:30.775 [main] DEBUG - Save part 'xl/styles.xml'
15:59:30.775 [main] DEBUG - Save part 'xl/theme/theme1.xml'
15:59:30.775 [main] DEBUG - Save part 'xl/workbook.xml'
15:59:30.776 [main] DEBUG - Save part 'xl/worksheets/sheet1.xml'
15:59:30.776 [main] DEBUG - Save part 'xl/worksheets/sheet2.xml'
15:59:30.777 [main] DEBUG - Save part 'xl/worksheets/sheet3.xml'
15:59:30.798 [main] DEBUG - Parsing relationship: /xl/_rels/workbook.xml.rels
15:59:30.798 [main] DEBUG - Parsing relationship: /xl/worksheets/_rels/sheet2.xml.rels
15:59:30.798 [main] DEBUG - Parsing relationship: /_rels/.rels
15:59:30.808 [main] DEBUG - Save content types part
15:59:30.809 [main] DEBUG - Save package relationships
15:59:30.810 [main] DEBUG - Save part 'docProps/app.xml'
15:59:30.810 [main] DEBUG - Save part 'docProps/core.xml'
15:59:30.810 [main] DEBUG - Save part 'xl/sharedStrings.xml'
15:59:30.810 [main] DEBUG - Save part 'xl/styles.xml'
15:59:30.811 [main] DEBUG - Save part 'xl/theme/theme1.xml'
15:59:30.811 [main] DEBUG - Save part 'xl/workbook.xml'
15:59:30.812 [main] DEBUG - Save part 'xl/worksheets/sheet1.xml'
15:59:30.812 [main] DEBUG - Save part 'xl/worksheets/sheet2.xml'
15:59:30.812 [main] DEBUG - Save part 'xl/worksheets/sheet3.xml'
15:59:30.866 [main] DEBUG - Parsing relationship: /xl/_rels/workbook.xml.rels
15:59:30.866 [main] DEBUG - Parsing relationship: /xl/worksheets/_rels/sheet2.xml.rels
15:59:30.866 [main] DEBUG - Parsing relationship: /_rels/.rels
15:59:30.876 [main] DEBUG - Save content types part
15:59:30.877 [main] DEBUG - Save package relationships
15:59:30.878 [main] DEBUG - Save part 'docProps/app.xml'
15:59:30.878 [main] DEBUG - Save part 'docProps/core.xml'
15:59:30.879 [main] DEBUG - Save part 'xl/sharedStrings.xml'
15:59:30.879 [main] DEBUG - Save part 'xl/styles.xml'
15:59:30.879 [main] DEBUG - Save part 'xl/theme/theme1.xml'
15:59:30.880 [main] DEBUG - Save part 'xl/workbook.xml'
15:59:30.880 [main] DEBUG - Save part 'xl/worksheets/sheet1.xml'
15:59:30.880 [main] DEBUG - Save part 'xl/worksheets/sheet2.xml'
15:59:30.881 [main] DEBUG - Save part 'xl/worksheets/sheet3.xml'
15:59:30.907 [main] DEBUG - Parsing relationship: /xl/_rels/workbook.xml.rels
15:59:30.907 [main] DEBUG - Parsing relationship: /xl/worksheets/_rels/sheet2.xml.rels
15:59:30.907 [main] DEBUG - Parsing relationship: /_rels/.rels
15:59:30.918 [main] DEBUG - Save content types part
15:59:30.919 [main] DEBUG - Save package relationships
15:59:30.920 [main] DEBUG - Save part 'docProps/app.xml'
15:59:30.920 [main] DEBUG - Save part 'docProps/core.xml'
15:59:30.921 [main] DEBUG - Save part 'xl/sharedStrings.xml'
15:59:30.921 [main] DEBUG - Save part 'xl/styles.xml'
15:59:30.921 [main] DEBUG - Save part 'xl/theme/theme1.xml'
15:59:30.921 [main] DEBUG - Save part 'xl/workbook.xml'
15:59:30.922 [main] DEBUG - Save part 'xl/worksheets/sheet1.xml'
15:59:30.922 [main] DEBUG - Save part 'xl/worksheets/sheet2.xml'
15:59:30.924 [main] DEBUG - Save part 'xl/worksheets/sheet3.xml'
15:59:30.955 [main] DEBUG - Parsing relationship: /xl/_rels/workbook.xml.rels
15:59:30.956 [main] DEBUG - Parsing relationship: /xl/worksheets/_rels/sheet2.xml.rels
15:59:30.956 [main] DEBUG - Parsing relationship: /_rels/.rels
15:59:30.968 [main] DEBUG - Save content types part
15:59:30.969 [main] DEBUG - Save package relationships
15:59:30.969 [main] DEBUG - Save part 'docProps/app.xml'
15:59:30.969 [main] DEBUG - Save part 'docProps/core.xml'
15:59:30.970 [main] DEBUG - Save part 'xl/sharedStrings.xml'
15:59:30.971 [main] DEBUG - Save part 'xl/styles.xml'
15:59:30.971 [main] DEBUG - Save part 'xl/theme/theme1.xml'
15:59:30.971 [main] DEBUG - Save part 'xl/workbook.xml'
15:59:30.971 [main] DEBUG - Save part 'xl/worksheets/sheet1.xml'
15:59:30.972 [main] DEBUG - Save part 'xl/worksheets/sheet2.xml'
15:59:30.972 [main] DEBUG - Save part 'xl/worksheets/sheet3.xml'
15:59:31.019 [main] DEBUG - Parsing relationship: /xl/_rels/workbook.xml.rels
15:59:31.019 [main] DEBUG - Parsing relationship: /xl/worksheets/_rels/sheet2.xml.rels
15:59:31.019 [main] DEBUG - Parsing relationship: /_rels/.rels
15:59:31.030 [main] DEBUG - Save content types part
15:59:31.031 [main] DEBUG - Save package relationships
15:59:31.031 [main] DEBUG - Save part 'docProps/app.xml'
15:59:31.031 [main] DEBUG - Save part 'docProps/core.xml'
15:59:31.032 [main] DEBUG - Save part 'xl/sharedStrings.xml'
15:59:31.032 [main] DEBUG - Save part 'xl/styles.xml'
15:59:31.033 [main] DEBUG - Save part 'xl/theme/theme1.xml'
15:59:31.033 [main] DEBUG - Save part 'xl/workbook.xml'
15:59:31.033 [main] DEBUG - Save part 'xl/worksheets/sheet1.xml'
15:59:31.034 [main] DEBUG - Save part 'xl/worksheets/sheet2.xml'
15:59:31.034 [main] DEBUG - Save part 'xl/worksheets/sheet3.xml'
15:59:31.054 [main] DEBUG - Parsing relationship: /xl/_rels/workbook.xml.rels
15:59:31.054 [main] DEBUG - Parsing relationship: /xl/worksheets/_rels/sheet2.xml.rels
15:59:31.054 [main] DEBUG - Parsing relationship: /_rels/.rels
15:59:31.063 [main] DEBUG - Save content types part
15:59:31.064 [main] DEBUG - Save package relationships
15:59:31.065 [main] DEBUG - Save part 'docProps/app.xml'
15:59:31.065 [main] DEBUG - Save part 'docProps/core.xml'
15:59:31.065 [main] DEBUG - Save part 'xl/sharedStrings.xml'
15:59:31.066 [main] DEBUG - Save part 'xl/styles.xml'
15:59:31.066 [main] DEBUG - Save part 'xl/theme/theme1.xml'
15:59:31.066 [main] DEBUG - Save part 'xl/workbook.xml'
15:59:31.066 [main] DEBUG - Save part 'xl/worksheets/sheet1.xml'
15:59:31.067 [main] DEBUG - Save part 'xl/worksheets/sheet2.xml'
15:59:31.067 [main] DEBUG - Save part 'xl/worksheets/sheet3.xml'
15:59:31.090 [main] DEBUG - Parsing relationship: /xl/_rels/workbook.xml.rels
15:59:31.092 [main] DEBUG - Parsing relationship: /xl/worksheets/_rels/sheet2.xml.rels
15:59:31.092 [main] DEBUG - Parsing relationship: /_rels/.rels
15:59:31.104 [main] DEBUG - Save content types part
15:59:31.105 [main] DEBUG - Save package relationships
15:59:31.106 [main] DEBUG - Save part 'docProps/app.xml'
15:59:31.106 [main] DEBUG - Save part 'docProps/core.xml'
15:59:31.106 [main] DEBUG - Save part 'xl/sharedStrings.xml'
15:59:31.107 [main] DEBUG - Save part 'xl/styles.xml'
15:59:31.107 [main] DEBUG - Save part 'xl/theme/theme1.xml'
15:59:31.107 [main] DEBUG - Save part 'xl/workbook.xml'
15:59:31.108 [main] DEBUG - Save part 'xl/worksheets/sheet1.xml'
15:59:31.108 [main] DEBUG - Save part 'xl/worksheets/sheet2.xml'
15:59:31.109 [main] DEBUG - Save part 'xl/worksheets/sheet3.xml'
15:59:31.153 [main] DEBUG - Parsing relationship: /xl/_rels/workbook.xml.rels
15:59:31.153 [main] DEBUG - Parsing relationship: /xl/worksheets/_rels/sheet2.xml.rels
15:59:31.154 [main] DEBUG - Parsing relationship: /_rels/.rels
15:59:31.169 [main] DEBUG - Save content types part
15:59:31.170 [main] DEBUG - Save package relationships
15:59:31.171 [main] DEBUG - Save part 'docProps/app.xml'
15:59:31.171 [main] DEBUG - Save part 'docProps/core.xml'
15:59:31.172 [main] DEBUG - Save part 'xl/sharedStrings.xml'
15:59:31.172 [main] DEBUG - Save part 'xl/styles.xml'
15:59:31.172 [main] DEBUG - Save part 'xl/theme/theme1.xml'
15:59:31.172 [main] DEBUG - Save part 'xl/workbook.xml'
15:59:31.174 [main] DEBUG - Save part 'xl/worksheets/sheet1.xml'
15:59:31.175 [main] DEBUG - Save part 'xl/worksheets/sheet2.xml'
15:59:31.175 [main] DEBUG - Save part 'xl/worksheets/sheet3.xml'
15:59:31.203 [main] DEBUG - Parsing relationship: /xl/_rels/workbook.xml.rels
15:59:31.203 [main] DEBUG - Parsing relationship: /xl/worksheets/_rels/sheet2.xml.rels
15:59:31.204 [main] DEBUG - Parsing relationship: /_rels/.rels
15:59:31.216 [main] DEBUG - Save content types part
15:59:31.216 [main] DEBUG - Save package relationships
15:59:31.217 [main] DEBUG - Save part 'docProps/app.xml'
15:59:31.217 [main] DEBUG - Save part 'docProps/core.xml'
15:59:31.217 [main] DEBUG - Save part 'xl/sharedStrings.xml'
15:59:31.218 [main] DEBUG - Save part 'xl/styles.xml'
15:59:31.218 [main] DEBUG - Save part 'xl/theme/theme1.xml'
15:59:31.218 [main] DEBUG - Save part 'xl/workbook.xml'
15:59:31.218 [main] DEBUG - Save part 'xl/worksheets/sheet1.xml'
15:59:31.219 [main] DEBUG - Save part 'xl/worksheets/sheet2.xml'
15:59:31.219 [main] DEBUG - Save part 'xl/worksheets/sheet3.xml'
15:59:31.238 [main] DEBUG - Parsing relationship: /xl/_rels/workbook.xml.rels
15:59:31.238 [main] DEBUG - Parsing relationship: /xl/worksheets/_rels/sheet2.xml.rels
15:59:31.239 [main] DEBUG - Parsing relationship: /_rels/.rels
15:59:31.250 [main] DEBUG - Save content types part
15:59:31.251 [main] DEBUG - Save package relationships
15:59:31.251 [main] DEBUG - Save part 'docProps/app.xml'
15:59:31.251 [main] DEBUG - Save part 'docProps/core.xml'
15:59:31.252 [main] DEBUG - Save part 'xl/sharedStrings.xml'
15:59:31.252 [main] DEBUG - Save part 'xl/styles.xml'
15:59:31.252 [main] DEBUG - Save part 'xl/theme/theme1.xml'
15:59:31.253 [main] DEBUG - Save part 'xl/workbook.xml'
15:59:31.253 [main] DEBUG - Save part 'xl/worksheets/sheet1.xml'
15:59:31.254 [main] DEBUG - Save part 'xl/worksheets/sheet2.xml'
15:59:31.255 [main] DEBUG - Save part 'xl/worksheets/sheet3.xml'
15:59:31.308 [main] DEBUG - Parsing relationship: /xl/_rels/workbook.xml.rels
15:59:31.310 [main] DEBUG - Parsing relationship: /xl/worksheets/_rels/sheet2.xml.rels
15:59:31.310 [main] DEBUG - Parsing relationship: /_rels/.rels
15:59:31.319 [main] DEBUG - Save content types part
15:59:31.319 [main] DEBUG - Save package relationships
15:59:31.320 [main] DEBUG - Save part 'docProps/app.xml'
15:59:31.320 [main] DEBUG - Save part 'docProps/core.xml'
15:59:31.321 [main] DEBUG - Save part 'xl/sharedStrings.xml'
15:59:31.321 [main] DEBUG - Save part 'xl/styles.xml'
15:59:31.321 [main] DEBUG - Save part 'xl/theme/theme1.xml'
15:59:31.321 [main] DEBUG - Save part 'xl/workbook.xml'
15:59:31.322 [main] DEBUG - Save part 'xl/worksheets/sheet1.xml'
15:59:31.322 [main] DEBUG - Save part 'xl/worksheets/sheet2.xml'
15:59:31.323 [main] DEBUG - Save part 'xl/worksheets/sheet3.xml'
15:59:31.342 [main] DEBUG - Parsing relationship: /xl/_rels/workbook.xml.rels
15:59:31.343 [main] DEBUG - Parsing relationship: /xl/worksheets/_rels/sheet2.xml.rels
15:59:31.343 [main] DEBUG - Parsing relationship: /_rels/.rels
15:59:31.354 [main] DEBUG - Save content types part
15:59:31.355 [main] DEBUG - Save package relationships
15:59:31.355 [main] DEBUG - Save part 'docProps/app.xml'
15:59:31.356 [main] DEBUG - Save part 'docProps/core.xml'
15:59:31.356 [main] DEBUG - Save part 'xl/sharedStrings.xml'
15:59:31.356 [main] DEBUG - Save part 'xl/styles.xml'
15:59:31.356 [main] DEBUG - Save part 'xl/theme/theme1.xml'
15:59:31.357 [main] DEBUG - Save part 'xl/workbook.xml'
15:59:31.357 [main] DEBUG - Save part 'xl/worksheets/sheet1.xml'
15:59:31.358 [main] DEBUG - Save part 'xl/worksheets/sheet2.xml'
15:59:31.359 [main] DEBUG - Save part 'xl/worksheets/sheet3.xml'
15:59:31.379 [main] DEBUG - Parsing relationship: /xl/_rels/workbook.xml.rels
15:59:31.380 [main] DEBUG - Parsing relationship: /xl/worksheets/_rels/sheet2.xml.rels
15:59:31.380 [main] DEBUG - Parsing relationship: /_rels/.rels
15:59:31.391 [main] DEBUG - Save content types part
15:59:31.392 [main] DEBUG - Save package relationships
15:59:31.393 [main] DEBUG - Save part 'docProps/app.xml'
15:59:31.393 [main] DEBUG - Save part 'docProps/core.xml'
15:59:31.394 [main] DEBUG - Save part 'xl/sharedStrings.xml'
15:59:31.394 [main] DEBUG - Save part 'xl/styles.xml'
15:59:31.395 [main] DEBUG - Save part 'xl/theme/theme1.xml'
15:59:31.395 [main] DEBUG - Save part 'xl/workbook.xml'
15:59:31.397 [main] DEBUG - Save part 'xl/worksheets/sheet1.xml'
15:59:31.397 [main] DEBUG - Save part 'xl/worksheets/sheet2.xml'
15:59:31.398 [main] DEBUG - Save part 'xl/worksheets/sheet3.xml'
15:59:31.465 [main] DEBUG - Parsing relationship: /xl/_rels/workbook.xml.rels
15:59:31.465 [main] DEBUG - Parsing relationship: /xl/worksheets/_rels/sheet2.xml.rels
15:59:31.465 [main] DEBUG - Parsing relationship: /_rels/.rels
15:59:31.478 [main] DEBUG - Save content types part
15:59:31.479 [main] DEBUG - Save package relationships
15:59:31.479 [main] DEBUG - Save part 'docProps/app.xml'
15:59:31.479 [main] DEBUG - Save part 'docProps/core.xml'
15:59:31.480 [main] DEBUG - Save part 'xl/sharedStrings.xml'
15:59:31.480 [main] DEBUG - Save part 'xl/styles.xml'
15:59:31.480 [main] DEBUG - Save part 'xl/theme/theme1.xml'
15:59:31.480 [main] DEBUG - Save part 'xl/workbook.xml'
15:59:31.481 [main] DEBUG - Save part 'xl/worksheets/sheet1.xml'
15:59:31.481 [main] DEBUG - Save part 'xl/worksheets/sheet2.xml'
15:59:31.482 [main] DEBUG - Save part 'xl/worksheets/sheet3.xml'
15:59:31.507 [main] DEBUG - Parsing relationship: /xl/_rels/workbook.xml.rels
15:59:31.508 [main] DEBUG - Parsing relationship: /xl/worksheets/_rels/sheet2.xml.rels
15:59:31.508 [main] DEBUG - Parsing relationship: /_rels/.rels
15:59:31.522 [main] DEBUG - Save content types part
15:59:31.524 [main] DEBUG - Save package relationships
15:59:31.525 [main] DEBUG - Save part 'docProps/app.xml'
15:59:31.525 [main] DEBUG - Save part 'docProps/core.xml'
15:59:31.525 [main] DEBUG - Save part 'xl/sharedStrings.xml'
15:59:31.526 [main] DEBUG - Save part 'xl/styles.xml'
15:59:31.526 [main] DEBUG - Save part 'xl/theme/theme1.xml'
15:59:31.526 [main] DEBUG - Save part 'xl/workbook.xml'
15:59:31.527 [main] DEBUG - Save part 'xl/worksheets/sheet1.xml'
15:59:31.527 [main] DEBUG - Save part 'xl/worksheets/sheet2.xml'
15:59:31.528 [main] DEBUG - Save part 'xl/worksheets/sheet3.xml'
15:59:31.564 [main] DEBUG - Parsing relationship: /xl/_rels/workbook.xml.rels
15:59:31.564 [main] DEBUG - Parsing relationship: /xl/worksheets/_rels/sheet2.xml.rels
15:59:31.565 [main] DEBUG - Parsing relationship: /_rels/.rels
15:59:31.579 [main] DEBUG - Save content types part
15:59:31.582 [main] DEBUG - Save package relationships
15:59:31.583 [main] DEBUG - Save part 'docProps/app.xml'
15:59:31.583 [main] DEBUG - Save part 'docProps/core.xml'
15:59:31.585 [main] DEBUG - Save part 'xl/sharedStrings.xml'
15:59:31.585 [main] DEBUG - Save part 'xl/styles.xml'
15:59:31.585 [main] DEBUG - Save part 'xl/theme/theme1.xml'
15:59:31.585 [main] DEBUG - Save part 'xl/workbook.xml'
15:59:31.587 [main] DEBUG - Save part 'xl/worksheets/sheet1.xml'
15:59:31.587 [main] DEBUG - Save part 'xl/worksheets/sheet2.xml'
15:59:31.588 [main] DEBUG - Save part 'xl/worksheets/sheet3.xml'
15:59:31.671 [main] DEBUG - Parsing relationship: /xl/_rels/workbook.xml.rels
15:59:31.672 [main] DEBUG - Parsing relationship: /xl/worksheets/_rels/sheet2.xml.rels
15:59:31.672 [main] DEBUG - Parsing relationship: /_rels/.rels
15:59:31.685 [main] DEBUG - Save content types part
15:59:31.686 [main] DEBUG - Save package relationships
15:59:31.687 [main] DEBUG - Save part 'docProps/app.xml'
15:59:31.687 [main] DEBUG - Save part 'docProps/core.xml'
15:59:31.688 [main] DEBUG - Save part 'xl/sharedStrings.xml'
15:59:31.688 [main] DEBUG - Save part 'xl/styles.xml'
15:59:31.689 [main] DEBUG - Save part 'xl/theme/theme1.xml'
15:59:31.689 [main] DEBUG - Save part 'xl/workbook.xml'
15:59:31.690 [main] DEBUG - Save part 'xl/worksheets/sheet1.xml'
15:59:31.691 [main] DEBUG - Save part 'xl/worksheets/sheet2.xml'
15:59:31.692 [main] DEBUG - Save part 'xl/worksheets/sheet3.xml'
15:59:31.731 [main] DEBUG - Parsing relationship: /xl/_rels/workbook.xml.rels
15:59:31.732 [main] DEBUG - Parsing relationship: /xl/worksheets/_rels/sheet2.xml.rels
15:59:31.732 [main] DEBUG - Parsing relationship: /_rels/.rels
15:59:31.749 [main] DEBUG - Save content types part
15:59:31.751 [main] DEBUG - Save package relationships
15:59:31.752 [main] DEBUG - Save part 'docProps/app.xml'
15:59:31.752 [main] DEBUG - Save part 'docProps/core.xml'
15:59:31.753 [main] DEBUG - Save part 'xl/sharedStrings.xml'
15:59:31.753 [main] DEBUG - Save part 'xl/styles.xml'
15:59:31.754 [main] DEBUG - Save part 'xl/theme/theme1.xml'
15:59:31.754 [main] DEBUG - Save part 'xl/workbook.xml'
15:59:31.755 [main] DEBUG - Save part 'xl/worksheets/sheet1.xml'
15:59:31.755 [main] DEBUG - Save part 'xl/worksheets/sheet2.xml'
15:59:31.756 [main] DEBUG - Save part 'xl/worksheets/sheet3.xml'
15:59:31.804 [main] DEBUG - Parsing relationship: /xl/_rels/workbook.xml.rels
15:59:31.804 [main] DEBUG - Parsing relationship: /xl/worksheets/_rels/sheet2.xml.rels
15:59:31.805 [main] DEBUG - Parsing relationship: /_rels/.rels
15:59:31.820 [main] DEBUG - Save content types part
15:59:31.821 [main] DEBUG - Save package relationships
15:59:31.822 [main] DEBUG - Save part 'docProps/app.xml'
15:59:31.822 [main] DEBUG - Save part 'docProps/core.xml'
15:59:31.823 [main] DEBUG - Save part 'xl/sharedStrings.xml'
15:59:31.823 [main] DEBUG - Save part 'xl/styles.xml'
15:59:31.823 [main] DEBUG - Save part 'xl/theme/theme1.xml'
15:59:31.823 [main] DEBUG - Save part 'xl/workbook.xml'
15:59:31.824 [main] DEBUG - Save part 'xl/worksheets/sheet1.xml'
15:59:31.824 [main] DEBUG - Save part 'xl/worksheets/sheet2.xml'
15:59:31.825 [main] DEBUG - Save part 'xl/worksheets/sheet3.xml'
15:59:31.911 [main] DEBUG - Parsing relationship: /xl/_rels/workbook.xml.rels
15:59:31.912 [main] DEBUG - Parsing relationship: /xl/worksheets/_rels/sheet2.xml.rels
15:59:31.912 [main] DEBUG - Parsing relationship: /_rels/.rels
15:59:31.932 [main] DEBUG - Save content types part
15:59:31.935 [main] DEBUG - Save package relationships
15:59:31.936 [main] DEBUG - Save part 'docProps/app.xml'
15:59:31.936 [main] DEBUG - Save part 'docProps/core.xml'
15:59:31.939 [main] DEBUG - Save part 'xl/sharedStrings.xml'
15:59:31.939 [main] DEBUG - Save part 'xl/styles.xml'
15:59:31.939 [main] DEBUG - Save part 'xl/theme/theme1.xml'
15:59:31.939 [main] DEBUG - Save part 'xl/workbook.xml'
15:59:31.941 [main] DEBUG - Save part 'xl/worksheets/sheet1.xml'
15:59:31.941 [main] DEBUG - Save part 'xl/worksheets/sheet2.xml'
15:59:31.943 [main] DEBUG - Save part 'xl/worksheets/sheet3.xml'
15:59:31.975 [main] DEBUG - Parsing relationship: /xl/_rels/workbook.xml.rels
15:59:31.976 [main] DEBUG - Parsing relationship: /xl/worksheets/_rels/sheet2.xml.rels
15:59:31.976 [main] DEBUG - Parsing relationship: /_rels/.rels
15:59:32.003 [main] DEBUG - Save content types part
15:59:32.006 [main] DEBUG - Save package relationships
15:59:32.007 [main] DEBUG - Save part 'docProps/app.xml'
15:59:32.007 [main] DEBUG - Save part 'docProps/core.xml'
15:59:32.009 [main] DEBUG - Save part 'xl/sharedStrings.xml'
15:59:32.009 [main] DEBUG - Save part 'xl/styles.xml'
15:59:32.009 [main] DEBUG - Save part 'xl/theme/theme1.xml'
15:59:32.010 [main] DEBUG - Save part 'xl/workbook.xml'
15:59:32.011 [main] DEBUG - Save part 'xl/worksheets/sheet1.xml'
15:59:32.012 [main] DEBUG - Save part 'xl/worksheets/sheet2.xml'
15:59:32.013 [main] DEBUG - Save part 'xl/worksheets/sheet3.xml'
15:59:32.051 [main] DEBUG - Parsing relationship: /xl/_rels/workbook.xml.rels
15:59:32.052 [main] DEBUG - Parsing relationship: /xl/worksheets/_rels/sheet2.xml.rels
15:59:32.053 [main] DEBUG - Parsing relationship: /_rels/.rels
15:59:32.076 [main] DEBUG - Save content types part
15:59:32.078 [main] DEBUG - Save package relationships
15:59:32.079 [main] DEBUG - Save part 'docProps/app.xml'
15:59:32.079 [main] DEBUG - Save part 'docProps/core.xml'
15:59:32.081 [main] DEBUG - Save part 'xl/sharedStrings.xml'
15:59:32.082 [main] DEBUG - Save part 'xl/styles.xml'
15:59:32.082 [main] DEBUG - Save part 'xl/theme/theme1.xml'
15:59:32.083 [main] DEBUG - Save part 'xl/workbook.xml'
15:59:32.084 [main] DEBUG - Save part 'xl/worksheets/sheet1.xml'
15:59:32.085 [main] DEBUG - Save part 'xl/worksheets/sheet2.xml'
15:59:32.086 [main] DEBUG - Save part 'xl/worksheets/sheet3.xml'
15:59:32.171 [main] DEBUG - Parsing relationship: /xl/_rels/workbook.xml.rels
15:59:32.172 [main] DEBUG - Parsing relationship: /xl/worksheets/_rels/sheet2.xml.rels
15:59:32.172 [main] DEBUG - Parsing relationship: /_rels/.rels
15:59:32.189 [main] DEBUG - Save content types part
15:59:32.190 [main] DEBUG - Save package relationships
15:59:32.192 [main] DEBUG - Save part 'docProps/app.xml'
15:59:32.192 [main] DEBUG - Save part 'docProps/core.xml'
15:59:32.193 [main] DEBUG - Save part 'xl/sharedStrings.xml'
15:59:32.193 [main] DEBUG - Save part 'xl/styles.xml'
15:59:32.193 [main] DEBUG - Save part 'xl/theme/theme1.xml'
15:59:32.193 [main] DEBUG - Save part 'xl/workbook.xml'
15:59:32.194 [main] DEBUG - Save part 'xl/worksheets/sheet1.xml'
15:59:32.194 [main] DEBUG - Save part 'xl/worksheets/sheet2.xml'
15:59:32.195 [main] DEBUG - Save part 'xl/worksheets/sheet3.xml'
15:59:32.222 [main] DEBUG - Parsing relationship: /xl/_rels/workbook.xml.rels
15:59:32.223 [main] DEBUG - Parsing relationship: /xl/worksheets/_rels/sheet2.xml.rels
15:59:32.223 [main] DEBUG - Parsing relationship: /_rels/.rels
15:59:32.239 [main] DEBUG - Save content types part
15:59:32.241 [main] DEBUG - Save package relationships
15:59:32.242 [main] DEBUG - Save part 'docProps/app.xml'
15:59:32.242 [main] DEBUG - Save part 'docProps/core.xml'
15:59:32.243 [main] DEBUG - Save part 'xl/sharedStrings.xml'
15:59:32.244 [main] DEBUG - Save part 'xl/styles.xml'
15:59:32.244 [main] DEBUG - Save part 'xl/theme/theme1.xml'
15:59:32.244 [main] DEBUG - Save part 'xl/workbook.xml'
15:59:32.245 [main] DEBUG - Save part 'xl/worksheets/sheet1.xml'
15:59:32.246 [main] DEBUG - Save part 'xl/worksheets/sheet2.xml'
15:59:32.247 [main] DEBUG - Save part 'xl/worksheets/sheet3.xml'
15:59:32.279 [main] DEBUG - Parsing relationship: /xl/_rels/workbook.xml.rels
15:59:32.280 [main] DEBUG - Parsing relationship: /xl/worksheets/_rels/sheet2.xml.rels
15:59:32.280 [main] DEBUG - Parsing relationship: /_rels/.rels
15:59:32.292 [main] DEBUG - Save content types part
15:59:32.293 [main] DEBUG - Save package relationships
15:59:32.294 [main] DEBUG - Save part 'docProps/app.xml'
15:59:32.294 [main] DEBUG - Save part 'docProps/core.xml'
15:59:32.295 [main] DEBUG - Save part 'xl/sharedStrings.xml'
15:59:32.295 [main] DEBUG - Save part 'xl/styles.xml'
15:59:32.295 [main] DEBUG - Save part 'xl/theme/theme1.xml'
15:59:32.295 [main] DEBUG - Save part 'xl/workbook.xml'
15:59:32.296 [main] DEBUG - Save part 'xl/worksheets/sheet1.xml'
15:59:32.296 [main] DEBUG - Save part 'xl/worksheets/sheet2.xml'
15:59:32.297 [main] DEBUG - Save part 'xl/worksheets/sheet3.xml'
15:59:32.382 [main] DEBUG - Parsing relationship: /xl/_rels/workbook.xml.rels
15:59:32.383 [main] DEBUG - Parsing relationship: /xl/worksheets/_rels/sheet2.xml.rels
15:59:32.384 [main] DEBUG - Parsing relationship: /_rels/.rels
15:59:32.402 [main] DEBUG - Save content types part
15:59:32.404 [main] DEBUG - Save package relationships
15:59:32.405 [main] DEBUG - Save part 'docProps/app.xml'
15:59:32.405 [main] DEBUG - Save part 'docProps/core.xml'
15:59:32.406 [main] DEBUG - Save part 'xl/sharedStrings.xml'
15:59:32.406 [main] DEBUG - Save part 'xl/styles.xml'
15:59:32.407 [main] DEBUG - Save part 'xl/theme/theme1.xml'
15:59:32.407 [main] DEBUG - Save part 'xl/workbook.xml'
15:59:32.408 [main] DEBUG - Save part 'xl/worksheets/sheet1.xml'
15:59:32.408 [main] DEBUG - Save part 'xl/worksheets/sheet2.xml'
15:59:32.409 [main] DEBUG - Save part 'xl/worksheets/sheet3.xml'
15:59:32.441 [main] DEBUG - Parsing relationship: /xl/_rels/workbook.xml.rels
15:59:32.442 [main] DEBUG - Parsing relationship: /xl/worksheets/_rels/sheet2.xml.rels
15:59:32.442 [main] DEBUG - Parsing relationship: /_rels/.rels
15:59:32.455 [main] DEBUG - Save content types part
15:59:32.456 [main] DEBUG - Save package relationships
15:59:32.457 [main] DEBUG - Save part 'docProps/app.xml'
15:59:32.457 [main] DEBUG - Save part 'docProps/core.xml'
15:59:32.458 [main] DEBUG - Save part 'xl/sharedStrings.xml'
15:59:32.458 [main] DEBUG - Save part 'xl/styles.xml'
15:59:32.458 [main] DEBUG - Save part 'xl/theme/theme1.xml'
15:59:32.458 [main] DEBUG - Save part 'xl/workbook.xml'
15:59:32.459 [main] DEBUG - Save part 'xl/worksheets/sheet1.xml'
15:59:32.459 [main] DEBUG - Save part 'xl/worksheets/sheet2.xml'
15:59:32.460 [main] DEBUG - Save part 'xl/worksheets/sheet3.xml'
15:59:32.505 [main] DEBUG - Parsing relationship: /xl/_rels/workbook.xml.rels
15:59:32.506 [main] DEBUG - Parsing relationship: /xl/worksheets/_rels/sheet2.xml.rels
15:59:32.506 [main] DEBUG - Parsing relationship: /_rels/.rels
15:59:32.520 [main] DEBUG - Save content types part
15:59:32.520 [main] DEBUG - Save package relationships
15:59:32.521 [main] DEBUG - Save part 'docProps/app.xml'
15:59:32.521 [main] DEBUG - Save part 'docProps/core.xml'
15:59:32.522 [main] DEBUG - Save part 'xl/sharedStrings.xml'
15:59:32.522 [main] DEBUG - Save part 'xl/styles.xml'
15:59:32.522 [main] DEBUG - Save part 'xl/theme/theme1.xml'
15:59:32.522 [main] DEBUG - Save part 'xl/workbook.xml'
15:59:32.523 [main] DEBUG - Save part 'xl/worksheets/sheet1.xml'
15:59:32.523 [main] DEBUG - Save part 'xl/worksheets/sheet2.xml'
15:59:32.524 [main] DEBUG - Save part 'xl/worksheets/sheet3.xml'
15:59:32.586 [main] DEBUG - Parsing relationship: /xl/_rels/workbook.xml.rels
15:59:32.586 [main] DEBUG - Parsing relationship: /xl/worksheets/_rels/sheet2.xml.rels
15:59:32.587 [main] DEBUG - Parsing relationship: /_rels/.rels
15:59:32.600 [main] DEBUG - Save content types part
15:59:32.601 [main] DEBUG - Save package relationships
15:59:32.601 [main] DEBUG - Save part 'docProps/app.xml'
15:59:32.601 [main] DEBUG - Save part 'docProps/core.xml'
15:59:32.602 [main] DEBUG - Save part 'xl/sharedStrings.xml'
15:59:32.602 [main] DEBUG - Save part 'xl/styles.xml'
15:59:32.602 [main] DEBUG - Save part 'xl/theme/theme1.xml'
15:59:32.602 [main] DEBUG - Save part 'xl/workbook.xml'
15:59:32.603 [main] DEBUG - Save part 'xl/worksheets/sheet1.xml'
15:59:32.603 [main] DEBUG - Save part 'xl/worksheets/sheet2.xml'
15:59:32.604 [main] DEBUG - Save part 'xl/worksheets/sheet3.xml'
15:59:32.641 [main] DEBUG - Parsing relationship: /xl/_rels/workbook.xml.rels
15:59:32.642 [main] DEBUG - Parsing relationship: /xl/worksheets/_rels/sheet2.xml.rels
15:59:32.642 [main] DEBUG - Parsing relationship: /_rels/.rels
15:59:32.656 [main] DEBUG - Save content types part
15:59:32.657 [main] DEBUG - Save package relationships
15:59:32.658 [main] DEBUG - Save part 'docProps/app.xml'
15:59:32.658 [main] DEBUG - Save part 'docProps/core.xml'
15:59:32.658 [main] DEBUG - Save part 'xl/sharedStrings.xml'
15:59:32.659 [main] DEBUG - Save part 'xl/styles.xml'
15:59:32.659 [main] DEBUG - Save part 'xl/theme/theme1.xml'
15:59:32.659 [main] DEBUG - Save part 'xl/workbook.xml'
15:59:32.660 [main] DEBUG - Save part 'xl/worksheets/sheet1.xml'
15:59:32.660 [main] DEBUG - Save part 'xl/worksheets/sheet2.xml'
15:59:32.661 [main] DEBUG - Save part 'xl/worksheets/sheet3.xml'
15:59:32.689 [main] DEBUG - Parsing relationship: /xl/_rels/workbook.xml.rels
15:59:32.690 [main] DEBUG - Parsing relationship: /xl/worksheets/_rels/sheet2.xml.rels
15:59:32.690 [main] DEBUG - Parsing relationship: /_rels/.rels
15:59:32.702 [main] DEBUG - Save content types part
15:59:32.704 [main] DEBUG - Save package relationships
15:59:32.704 [main] DEBUG - Save part 'docProps/app.xml'
15:59:32.704 [main] DEBUG - Save part 'docProps/core.xml'
15:59:32.705 [main] DEBUG - Save part 'xl/sharedStrings.xml'
15:59:32.705 [main] DEBUG - Save part 'xl/styles.xml'
15:59:32.706 [main] DEBUG - Save part 'xl/theme/theme1.xml'
15:59:32.706 [main] DEBUG - Save part 'xl/workbook.xml'
15:59:32.707 [main] DEBUG - Save part 'xl/worksheets/sheet1.xml'
15:59:32.707 [main] DEBUG - Save part 'xl/worksheets/sheet2.xml'
15:59:32.708 [main] DEBUG - Save part 'xl/worksheets/sheet3.xml'
15:59:32.767 [main] DEBUG - Parsing relationship: /xl/_rels/workbook.xml.rels
15:59:32.767 [main] DEBUG - Parsing relationship: /xl/worksheets/_rels/sheet2.xml.rels
15:59:32.767 [main] DEBUG - Parsing relationship: /_rels/.rels
15:59:32.780 [main] DEBUG - Save content types part
15:59:32.781 [main] DEBUG - Save package relationships
15:59:32.782 [main] DEBUG - Save part 'docProps/app.xml'
15:59:32.782 [main] DEBUG - Save part 'docProps/core.xml'
15:59:32.783 [main] DEBUG - Save part 'xl/sharedStrings.xml'
15:59:32.783 [main] DEBUG - Save part 'xl/styles.xml'
15:59:32.783 [main] DEBUG - Save part 'xl/theme/theme1.xml'
15:59:32.783 [main] DEBUG - Save part 'xl/workbook.xml'
15:59:32.784 [main] DEBUG - Save part 'xl/worksheets/sheet1.xml'
15:59:32.785 [main] DEBUG - Save part 'xl/worksheets/sheet2.xml'
15:59:32.785 [main] DEBUG - Save part 'xl/worksheets/sheet3.xml'
15:59:32.816 [main] DEBUG - Parsing relationship: /xl/_rels/workbook.xml.rels
15:59:32.817 [main] DEBUG - Parsing relationship: /xl/worksheets/_rels/sheet2.xml.rels
15:59:32.817 [main] DEBUG - Parsing relationship: /_rels/.rels
15:59:32.834 [main] DEBUG - Save content types part
15:59:32.835 [main] DEBUG - Save package relationships
15:59:32.836 [main] DEBUG - Save part 'docProps/app.xml'
15:59:32.836 [main] DEBUG - Save part 'docProps/core.xml'
15:59:32.837 [main] DEBUG - Save part 'xl/sharedStrings.xml'
15:59:32.837 [main] DEBUG - Save part 'xl/styles.xml'
15:59:32.837 [main] DEBUG - Save part 'xl/theme/theme1.xml'
15:59:32.838 [main] DEBUG - Save part 'xl/workbook.xml'
15:59:32.838 [main] DEBUG - Save part 'xl/worksheets/sheet1.xml'
15:59:32.839 [main] DEBUG - Save part 'xl/worksheets/sheet2.xml'
