22:54:31.911 [main] DEBUG - Save package relationships
22:54:31.916 [main] DEBUG - Save part 'docProps/app.xml'
22:54:31.917 [main] DEBUG - Save part 'docProps/core.xml'
22:54:31.917 [main] DEBUG - Save part 'xl/sharedStrings.xml'
22:54:31.918 [main] DEBUG - Save part 'xl/styles.xml'
22:54:31.918 [main] DEBUG - Save part 'xl/theme/theme1.xml'
22:54:31.918 [main] DEBUG - Save part 'xl/workbook.xml'
22:54:31.919 [main] DEBUG - Save part 'xl/worksheets/sheet1.xml'
22:54:31.919 [main] DEBUG - Save part 'xl/worksheets/sheet2.xml'
22:54:31.949 [main] DEBUG - Parsing relationship: /xl/_rels/workbook.xml.rels
22:54:31.950 [main] DEBUG - Parsing relationship: /xl/worksheets/_rels/sheet2.xml.rels
22:54:31.950 [main] DEBUG - Parsing relationship: /_rels/.rels
22:54:31.960 [main] DEBUG - Save content types part
22:54:31.961 [main] DEBUG - Save package relationships
22:54:31.962 [main] DEBUG - Save part 'docProps/app.xml'
22:54:31.962 [main] DEBUG - Save part 'docProps/core.xml'
22:54:31.962 [main] DEBUG - Save part 'xl/sharedStrings.xml'
22:54:31.963 [main] DEBUG - Save part 'xl/styles.xml'
22:54:31.963 [main] DEBUG - Save part 'xl/theme/theme1.xml'
22:54:31.963 [main] DEBUG - Save part 'xl/workbook.xml'
22:54:31.963 [main] DEBUG - Save part 'xl/worksheets/sheet1.xml'
22:54:31.964 [main] DEBUG - Save part 'xl/worksheets/sheet2.xml'
22:54:32.015 [main] DEBUG - Parsing relationship: /xl/_rels/workbook.xml.rels
22:54:32.016 [main] DEBUG - Parsing relationship: /xl/worksheets/_rels/sheet2.xml.rels
22:54:32.016 [main] DEBUG - Parsing relationship: /_rels/.rels
22:54:32.032 [main] DEBUG - Save content types part
22:54:32.033 [main] DEBUG - Save package relationships
22:54:32.033 [main] DEBUG - Save part 'docProps/app.xml'
22:54:32.033 [main] DEBUG - Save part 'docProps/core.xml'
22:54:32.034 [main] DEBUG - Save part 'xl/sharedStrings.xml'
22:54:32.034 [main] DEBUG - Save part 'xl/styles.xml'
22:54:32.034 [main] DEBUG - Save part 'xl/theme/theme1.xml'
22:54:32.034 [main] DEBUG - Save part 'xl/workbook.xml'
22:54:32.035 [main] DEBUG - Save part 'xl/worksheets/sheet1.xml'
22:54:32.035 [main] DEBUG - Save part 'xl/worksheets/sheet2.xml'
22:54:32.114 [main] DEBUG - Parsing relationship: /xl/_rels/workbook.xml.rels
22:54:32.114 [main] DEBUG - Parsing relationship: /xl/worksheets/_rels/sheet2.xml.rels
22:54:32.114 [main] DEBUG - Parsing relationship: /_rels/.rels
22:54:32.128 [main] DEBUG - Save content types part
22:54:32.129 [main] DEBUG - Save package relationships
22:54:32.129 [main] DEBUG - Save part 'docProps/app.xml'
22:54:32.129 [main] DEBUG - Save part 'docProps/core.xml'
22:54:32.130 [main] DEBUG - Save part 'xl/sharedStrings.xml'
22:54:32.130 [main] DEBUG - Save part 'xl/styles.xml'
22:54:32.130 [main] DEBUG - Save part 'xl/theme/theme1.xml'
22:54:32.130 [main] DEBUG - Save part 'xl/workbook.xml'
22:54:32.131 [main] DEBUG - Save part 'xl/worksheets/sheet1.xml'
22:54:32.131 [main] DEBUG - Save part 'xl/worksheets/sheet2.xml'
22:54:32.167 [main] DEBUG - Parsing relationship: /xl/_rels/workbook.xml.rels
22:54:32.168 [main] DEBUG - Parsing relationship: /xl/worksheets/_rels/sheet2.xml.rels
22:54:32.168 [main] DEBUG - Parsing relationship: /_rels/.rels
22:54:32.186 [main] DEBUG - Save content types part
22:54:32.187 [main] DEBUG - Save package relationships
22:54:32.187 [main] DEBUG - Save part 'docProps/app.xml'
22:54:32.187 [main] DEBUG - Save part 'docProps/core.xml'
22:54:32.188 [main] DEBUG - Save part 'xl/sharedStrings.xml'
22:54:32.188 [main] DEBUG - Save part 'xl/styles.xml'
22:54:32.188 [main] DEBUG - Save part 'xl/theme/theme1.xml'
22:54:32.189 [main] DEBUG - Save part 'xl/workbook.xml'
22:54:32.189 [main] DEBUG - Save part 'xl/worksheets/sheet1.xml'
22:54:32.191 [main] DEBUG - Save part 'xl/worksheets/sheet2.xml'
22:54:32.227 [main] DEBUG - Parsing relationship: /xl/_rels/workbook.xml.rels
22:54:32.227 [main] DEBUG - Parsing relationship: /xl/worksheets/_rels/sheet2.xml.rels
22:54:32.227 [main] DEBUG - Parsing relationship: /_rels/.rels
22:54:32.238 [main] DEBUG - Save content types part
22:54:32.239 [main] DEBUG - Save package relationships
22:54:32.239 [main] DEBUG - Save part 'docProps/app.xml'
22:54:32.239 [main] DEBUG - Save part 'docProps/core.xml'
22:54:32.239 [main] DEBUG - Save part 'xl/sharedStrings.xml'
22:54:32.240 [main] DEBUG - Save part 'xl/styles.xml'
22:54:32.240 [main] DEBUG - Save part 'xl/theme/theme1.xml'
22:54:32.240 [main] DEBUG - Save part 'xl/workbook.xml'
22:54:32.241 [main] DEBUG - Save part 'xl/worksheets/sheet1.xml'
22:54:32.241 [main] DEBUG - Save part 'xl/worksheets/sheet2.xml'
22:54:32.319 [main] DEBUG - Parsing relationship: /xl/_rels/workbook.xml.rels
22:54:32.319 [main] DEBUG - Parsing relationship: /xl/worksheets/_rels/sheet2.xml.rels
22:54:32.319 [main] DEBUG - Parsing relationship: /_rels/.rels
22:54:32.332 [main] DEBUG - Save content types part
22:54:32.333 [main] DEBUG - Save package relationships
22:54:32.334 [main] DEBUG - Save part 'docProps/app.xml'
22:54:32.334 [main] DEBUG - Save part 'docProps/core.xml'
22:54:32.334 [main] DEBUG - Save part 'xl/sharedStrings.xml'
22:54:32.335 [main] DEBUG - Save part 'xl/styles.xml'
22:54:32.335 [main] DEBUG - Save part 'xl/theme/theme1.xml'
22:54:32.335 [main] DEBUG - Save part 'xl/workbook.xml'
22:54:32.336 [main] DEBUG - Save part 'xl/worksheets/sheet1.xml'
22:54:32.336 [main] DEBUG - Save part 'xl/worksheets/sheet2.xml'
22:54:32.374 [main] DEBUG - Parsing relationship: /xl/_rels/workbook.xml.rels
22:54:32.374 [main] DEBUG - Parsing relationship: /xl/worksheets/_rels/sheet2.xml.rels
22:54:32.374 [main] DEBUG - Parsing relationship: /_rels/.rels
22:54:32.388 [main] DEBUG - Save content types part
22:54:32.388 [main] DEBUG - Save package relationships
22:54:32.389 [main] DEBUG - Save part 'docProps/app.xml'
22:54:32.389 [main] DEBUG - Save part 'docProps/core.xml'
22:54:32.389 [main] DEBUG - Save part 'xl/sharedStrings.xml'
22:54:32.389 [main] DEBUG - Save part 'xl/styles.xml'
22:54:32.389 [main] DEBUG - Save part 'xl/theme/theme1.xml'
22:54:32.390 [main] DEBUG - Save part 'xl/workbook.xml'
22:54:32.390 [main] DEBUG - Save part 'xl/worksheets/sheet1.xml'
22:54:32.390 [main] DEBUG - Save part 'xl/worksheets/sheet2.xml'
22:54:32.420 [main] DEBUG - Parsing relationship: /xl/_rels/workbook.xml.rels
22:54:32.420 [main] DEBUG - Parsing relationship: /xl/worksheets/_rels/sheet2.xml.rels
22:54:32.420 [main] DEBUG - Parsing relationship: /_rels/.rels
22:54:32.432 [main] DEBUG - Save content types part
22:54:32.433 [main] DEBUG - Save package relationships
22:54:32.434 [main] DEBUG - Save part 'docProps/app.xml'
22:54:32.434 [main] DEBUG - Save part 'docProps/core.xml'
22:54:32.435 [main] DEBUG - Save part 'xl/sharedStrings.xml'
22:54:32.435 [main] DEBUG - Save part 'xl/styles.xml'
22:54:32.435 [main] DEBUG - Save part 'xl/theme/theme1.xml'
22:54:32.436 [main] DEBUG - Save part 'xl/workbook.xml'
22:54:32.436 [main] DEBUG - Save part 'xl/worksheets/sheet1.xml'
22:54:32.436 [main] DEBUG - Save part 'xl/worksheets/sheet2.xml'
22:54:32.515 [main] DEBUG - Parsing relationship: /xl/_rels/workbook.xml.rels
22:54:32.515 [main] DEBUG - Parsing relationship: /xl/worksheets/_rels/sheet2.xml.rels
22:54:32.515 [main] DEBUG - Parsing relationship: /_rels/.rels
22:54:32.529 [main] DEBUG - Save content types part
22:54:32.530 [main] DEBUG - Save package relationships
22:54:32.531 [main] DEBUG - Save part 'docProps/app.xml'
22:54:32.531 [main] DEBUG - Save part 'docProps/core.xml'
22:54:32.531 [main] DEBUG - Save part 'xl/sharedStrings.xml'
22:54:32.532 [main] DEBUG - Save part 'xl/styles.xml'
22:54:32.532 [main] DEBUG - Save part 'xl/theme/theme1.xml'
22:54:32.532 [main] DEBUG - Save part 'xl/workbook.xml'
22:54:32.533 [main] DEBUG - Save part 'xl/worksheets/sheet1.xml'
22:54:32.533 [main] DEBUG - Save part 'xl/worksheets/sheet2.xml'
22:54:32.577 [main] DEBUG - Parsing relationship: /xl/_rels/workbook.xml.rels
22:54:32.577 [main] DEBUG - Parsing relationship: /xl/worksheets/_rels/sheet2.xml.rels
22:54:32.577 [main] DEBUG - Parsing relationship: /_rels/.rels
22:54:32.588 [main] DEBUG - Save content types part
22:54:32.588 [main] DEBUG - Save package relationships
22:54:32.589 [main] DEBUG - Save part 'docProps/app.xml'
22:54:32.589 [main] DEBUG - Save part 'docProps/core.xml'
22:54:32.590 [main] DEBUG - Save part 'xl/sharedStrings.xml'
22:54:32.590 [main] DEBUG - Save part 'xl/styles.xml'
22:54:32.590 [main] DEBUG - Save part 'xl/theme/theme1.xml'
22:54:32.590 [main] DEBUG - Save part 'xl/workbook.xml'
22:54:32.591 [main] DEBUG - Save part 'xl/worksheets/sheet1.xml'
22:54:32.591 [main] DEBUG - Save part 'xl/worksheets/sheet2.xml'
22:54:32.616 [main] DEBUG - Parsing relationship: /xl/_rels/workbook.xml.rels
22:54:32.617 [main] DEBUG - Parsing relationship: /xl/worksheets/_rels/sheet2.xml.rels
22:54:32.617 [main] DEBUG - Parsing relationship: /_rels/.rels
22:54:32.630 [main] DEBUG - Save content types part
22:54:32.630 [main] DEBUG - Save package relationships
22:54:32.631 [main] DEBUG - Save part 'docProps/app.xml'
22:54:32.631 [main] DEBUG - Save part 'docProps/core.xml'
22:54:32.632 [main] DEBUG - Save part 'xl/sharedStrings.xml'
22:54:32.632 [main] DEBUG - Save part 'xl/styles.xml'
22:54:32.632 [main] DEBUG - Save part 'xl/theme/theme1.xml'
22:54:32.632 [main] DEBUG - Save part 'xl/workbook.xml'
22:54:32.633 [main] DEBUG - Save part 'xl/worksheets/sheet1.xml'
22:54:32.633 [main] DEBUG - Save part 'xl/worksheets/sheet2.xml'
22:54:32.699 [main] DEBUG - Parsing relationship: /xl/_rels/workbook.xml.rels
22:54:32.699 [main] DEBUG - Parsing relationship: /xl/worksheets/_rels/sheet2.xml.rels
22:54:32.699 [main] DEBUG - Parsing relationship: /_rels/.rels
22:54:32.710 [main] DEBUG - Save content types part
22:54:32.711 [main] DEBUG - Save package relationships
22:54:32.711 [main] DEBUG - Save part 'docProps/app.xml'
22:54:32.712 [main] DEBUG - Save part 'docProps/core.xml'
22:54:32.712 [main] DEBUG - Save part 'xl/sharedStrings.xml'
22:54:32.713 [main] DEBUG - Save part 'xl/styles.xml'
22:54:32.713 [main] DEBUG - Save part 'xl/theme/theme1.xml'
22:54:32.713 [main] DEBUG - Save part 'xl/workbook.xml'
22:54:32.714 [main] DEBUG - Save part 'xl/worksheets/sheet1.xml'
22:54:32.714 [main] DEBUG - Save part 'xl/worksheets/sheet2.xml'
22:54:32.744 [main] DEBUG - Parsing relationship: /xl/_rels/workbook.xml.rels
22:54:32.744 [main] DEBUG - Parsing relationship: /xl/worksheets/_rels/sheet2.xml.rels
22:54:32.744 [main] DEBUG - Parsing relationship: /_rels/.rels
22:54:32.753 [main] DEBUG - Save content types part
22:54:32.754 [main] DEBUG - Save package relationships
22:54:32.754 [main] DEBUG - Save part 'docProps/app.xml'
22:54:32.754 [main] DEBUG - Save part 'docProps/core.xml'
22:54:32.755 [main] DEBUG - Save part 'xl/sharedStrings.xml'
22:54:32.755 [main] DEBUG - Save part 'xl/styles.xml'
22:54:32.755 [main] DEBUG - Save part 'xl/theme/theme1.xml'
22:54:32.756 [main] DEBUG - Save part 'xl/workbook.xml'
22:54:32.756 [main] DEBUG - Save part 'xl/worksheets/sheet1.xml'
22:54:32.756 [main] DEBUG - Save part 'xl/worksheets/sheet2.xml'
22:54:32.785 [main] DEBUG - Parsing relationship: /xl/_rels/workbook.xml.rels
22:54:32.786 [main] DEBUG - Parsing relationship: /xl/worksheets/_rels/sheet2.xml.rels
22:54:32.786 [main] DEBUG - Parsing relationship: /_rels/.rels
22:54:32.795 [main] DEBUG - Save content types part
22:54:32.795 [main] DEBUG - Save package relationships
22:54:32.796 [main] DEBUG - Save part 'docProps/app.xml'
22:54:32.796 [main] DEBUG - Save part 'docProps/core.xml'
22:54:32.796 [main] DEBUG - Save part 'xl/sharedStrings.xml'
22:54:32.796 [main] DEBUG - Save part 'xl/styles.xml'
22:54:32.797 [main] DEBUG - Save part 'xl/theme/theme1.xml'
22:54:32.797 [main] DEBUG - Save part 'xl/workbook.xml'
22:54:32.797 [main] DEBUG - Save part 'xl/worksheets/sheet1.xml'
22:54:32.797 [main] DEBUG - Save part 'xl/worksheets/sheet2.xml'
22:54:32.878 [main] DEBUG - Parsing relationship: /xl/_rels/workbook.xml.rels
22:54:32.878 [main] DEBUG - Parsing relationship: /xl/worksheets/_rels/sheet2.xml.rels
22:54:32.879 [main] DEBUG - Parsing relationship: /_rels/.rels
22:54:32.892 [main] DEBUG - Save content types part
22:54:32.892 [main] DEBUG - Save package relationships
22:54:32.893 [main] DEBUG - Save part 'docProps/app.xml'
22:54:32.893 [main] DEBUG - Save part 'docProps/core.xml'
22:54:32.893 [main] DEBUG - Save part 'xl/sharedStrings.xml'
22:54:32.893 [main] DEBUG - Save part 'xl/styles.xml'
22:54:32.894 [main] DEBUG - Save part 'xl/theme/theme1.xml'
22:54:32.894 [main] DEBUG - Save part 'xl/workbook.xml'
22:54:32.894 [main] DEBUG - Save part 'xl/worksheets/sheet1.xml'
22:54:32.895 [main] DEBUG - Save part 'xl/worksheets/sheet2.xml'
22:54:32.926 [main] DEBUG - Parsing relationship: /xl/_rels/workbook.xml.rels
22:54:32.927 [main] DEBUG - Parsing relationship: /xl/worksheets/_rels/sheet2.xml.rels
22:54:32.927 [main] DEBUG - Parsing relationship: /_rels/.rels
22:54:32.942 [main] DEBUG - Save content types part
22:54:32.943 [main] DEBUG - Save package relationships
22:54:32.943 [main] DEBUG - Save part 'docProps/app.xml'
22:54:32.943 [main] DEBUG - Save part 'docProps/core.xml'
22:54:32.944 [main] DEBUG - Save part 'xl/sharedStrings.xml'
22:54:32.944 [main] DEBUG - Save part 'xl/styles.xml'
22:54:32.945 [main] DEBUG - Save part 'xl/theme/theme1.xml'
22:54:32.945 [main] DEBUG - Save part 'xl/workbook.xml'
22:54:32.946 [main] DEBUG - Save part 'xl/worksheets/sheet1.xml'
22:54:32.946 [main] DEBUG - Save part 'xl/worksheets/sheet2.xml'
22:54:32.991 [main] DEBUG - Parsing relationship: /xl/_rels/workbook.xml.rels
22:54:32.991 [main] DEBUG - Parsing relationship: /xl/worksheets/_rels/sheet2.xml.rels
22:54:32.991 [main] DEBUG - Parsing relationship: /_rels/.rels
22:54:33.005 [main] DEBUG - Save content types part
22:54:33.005 [main] DEBUG - Save package relationships
22:54:33.006 [main] DEBUG - Save part 'docProps/app.xml'
22:54:33.006 [main] DEBUG - Save part 'docProps/core.xml'
22:54:33.007 [main] DEBUG - Save part 'xl/sharedStrings.xml'
22:54:33.007 [main] DEBUG - Save part 'xl/styles.xml'
22:54:33.007 [main] DEBUG - Save part 'xl/theme/theme1.xml'
22:54:33.007 [main] DEBUG - Save part 'xl/workbook.xml'
22:54:33.008 [main] DEBUG - Save part 'xl/worksheets/sheet1.xml'
22:54:33.008 [main] DEBUG - Save part 'xl/worksheets/sheet2.xml'
22:54:33.074 [main] DEBUG - Parsing relationship: /xl/_rels/workbook.xml.rels
22:54:33.074 [main] DEBUG - Parsing relationship: /xl/worksheets/_rels/sheet2.xml.rels
22:54:33.074 [main] DEBUG - Parsing relationship: /_rels/.rels
22:54:33.084 [main] DEBUG - Save content types part
22:54:33.085 [main] DEBUG - Save package relationships
22:54:33.085 [main] DEBUG - Save part 'docProps/app.xml'
22:54:33.085 [main] DEBUG - Save part 'docProps/core.xml'
22:54:33.085 [main] DEBUG - Save part 'xl/sharedStrings.xml'
22:54:33.086 [main] DEBUG - Save part 'xl/styles.xml'
22:54:33.086 [main] DEBUG - Save part 'xl/theme/theme1.xml'
22:54:33.086 [main] DEBUG - Save part 'xl/workbook.xml'
22:54:33.086 [main] DEBUG - Save part 'xl/worksheets/sheet1.xml'
22:54:33.087 [main] DEBUG - Save part 'xl/worksheets/sheet2.xml'
22:54:33.113 [main] DEBUG - Parsing relationship: /xl/_rels/workbook.xml.rels
22:54:33.113 [main] DEBUG - Parsing relationship: /xl/worksheets/_rels/sheet2.xml.rels
22:54:33.113 [main] DEBUG - Parsing relationship: /_rels/.rels
22:54:33.122 [main] DEBUG - Save content types part
22:54:33.123 [main] DEBUG - Save package relationships
22:54:33.123 [main] DEBUG - Save part 'docProps/app.xml'
22:54:33.123 [main] DEBUG - Save part 'docProps/core.xml'
22:54:33.124 [main] DEBUG - Save part 'xl/sharedStrings.xml'
22:54:33.124 [main] DEBUG - Save part 'xl/styles.xml'
22:54:33.124 [main] DEBUG - Save part 'xl/theme/theme1.xml'
22:54:33.124 [main] DEBUG - Save part 'xl/workbook.xml'
22:54:33.125 [main] DEBUG - Save part 'xl/worksheets/sheet1.xml'
22:54:33.125 [main] DEBUG - Save part 'xl/worksheets/sheet2.xml'
22:54:33.151 [main] DEBUG - Parsing relationship: /xl/_rels/workbook.xml.rels
22:54:33.152 [main] DEBUG - Parsing relationship: /xl/worksheets/_rels/sheet2.xml.rels
22:54:33.152 [main] DEBUG - Parsing relationship: /_rels/.rels
22:54:33.161 [main] DEBUG - Save content types part
22:54:33.161 [main] DEBUG - Save package relationships
22:54:33.162 [main] DEBUG - Save part 'docProps/app.xml'
22:54:33.162 [main] DEBUG - Save part 'docProps/core.xml'
22:54:33.162 [main] DEBUG - Save part 'xl/sharedStrings.xml'
22:54:33.162 [main] DEBUG - Save part 'xl/styles.xml'
22:54:33.162 [main] DEBUG - Save part 'xl/theme/theme1.xml'
22:54:33.163 [main] DEBUG - Save part 'xl/workbook.xml'
22:54:33.163 [main] DEBUG - Save part 'xl/worksheets/sheet1.xml'
22:54:33.163 [main] DEBUG - Save part 'xl/worksheets/sheet2.xml'
22:54:33.265 [main] DEBUG - Parsing relationship: /xl/_rels/workbook.xml.rels
22:54:33.265 [main] DEBUG - Parsing relationship: /xl/worksheets/_rels/sheet2.xml.rels
22:54:33.265 [main] DEBUG - Parsing relationship: /_rels/.rels
22:54:33.274 [main] DEBUG - Save content types part
22:54:33.275 [main] DEBUG - Save package relationships
22:54:33.275 [main] DEBUG - Save part 'docProps/app.xml'
22:54:33.276 [main] DEBUG - Save part 'docProps/core.xml'
22:54:33.276 [main] DEBUG - Save part 'xl/sharedStrings.xml'
22:54:33.276 [main] DEBUG - Save part 'xl/styles.xml'
22:54:33.276 [main] DEBUG - Save part 'xl/theme/theme1.xml'
22:54:33.277 [main] DEBUG - Save part 'xl/workbook.xml'
22:54:33.277 [main] DEBUG - Save part 'xl/worksheets/sheet1.xml'
22:54:33.277 [main] DEBUG - Save part 'xl/worksheets/sheet2.xml'
22:54:33.307 [main] DEBUG - Parsing relationship: /xl/_rels/workbook.xml.rels
22:54:33.307 [main] DEBUG - Parsing relationship: /xl/worksheets/_rels/sheet2.xml.rels
22:54:33.307 [main] DEBUG - Parsing relationship: /_rels/.rels
22:54:33.317 [main] DEBUG - Save content types part
22:54:33.318 [main] DEBUG - Save package relationships
22:54:33.319 [main] DEBUG - Save part 'docProps/app.xml'
22:54:33.319 [main] DEBUG - Save part 'docProps/core.xml'
22:54:33.319 [main] DEBUG - Save part 'xl/sharedStrings.xml'
22:54:33.319 [main] DEBUG - Save part 'xl/styles.xml'
22:54:33.319 [main] DEBUG - Save part 'xl/theme/theme1.xml'
22:54:33.320 [main] DEBUG - Save part 'xl/workbook.xml'
22:54:33.321 [main] DEBUG - Save part 'xl/worksheets/sheet1.xml'
22:54:33.321 [main] DEBUG - Save part 'xl/worksheets/sheet2.xml'
22:54:33.357 [main] DEBUG - Parsing relationship: /xl/_rels/workbook.xml.rels
22:54:33.357 [main] DEBUG - Parsing relationship: /xl/worksheets/_rels/sheet2.xml.rels
22:54:33.357 [main] DEBUG - Parsing relationship: /_rels/.rels
22:54:33.368 [main] DEBUG - Save content types part
22:54:33.369 [main] DEBUG - Save package relationships
22:54:33.369 [main] DEBUG - Save part 'docProps/app.xml'
22:54:33.369 [main] DEBUG - Save part 'docProps/core.xml'
22:54:33.369 [main] DEBUG - Save part 'xl/sharedStrings.xml'
22:54:33.370 [main] DEBUG - Save part 'xl/styles.xml'
22:54:33.370 [main] DEBUG - Save part 'xl/theme/theme1.xml'
22:54:33.370 [main] DEBUG - Save part 'xl/workbook.xml'
22:54:33.371 [main] DEBUG - Save part 'xl/worksheets/sheet1.xml'
22:54:33.371 [main] DEBUG - Save part 'xl/worksheets/sheet2.xml'
22:54:33.446 [main] DEBUG - Parsing relationship: /xl/_rels/workbook.xml.rels
22:54:33.446 [main] DEBUG - Parsing relationship: /xl/worksheets/_rels/sheet2.xml.rels
22:54:33.446 [main] DEBUG - Parsing relationship: /_rels/.rels
22:54:33.457 [main] DEBUG - Save content types part
22:54:33.458 [main] DEBUG - Save package relationships
22:54:33.458 [main] DEBUG - Save part 'docProps/app.xml'
22:54:33.458 [main] DEBUG - Save part 'docProps/core.xml'
22:54:33.458 [main] DEBUG - Save part 'xl/sharedStrings.xml'
22:54:33.459 [main] DEBUG - Save part 'xl/styles.xml'
22:54:33.459 [main] DEBUG - Save part 'xl/theme/theme1.xml'
22:54:33.459 [main] DEBUG - Save part 'xl/workbook.xml'
22:54:33.460 [main] DEBUG - Save part 'xl/worksheets/sheet1.xml'
22:54:33.460 [main] DEBUG - Save part 'xl/worksheets/sheet2.xml'
22:54:33.506 [main] DEBUG - Parsing relationship: /xl/_rels/workbook.xml.rels
22:54:33.506 [main] DEBUG - Parsing relationship: /xl/worksheets/_rels/sheet2.xml.rels
22:54:33.506 [main] DEBUG - Parsing relationship: /_rels/.rels
22:54:33.521 [main] DEBUG - Save content types part
22:54:33.522 [main] DEBUG - Save package relationships
22:54:33.522 [main] DEBUG - Save part 'docProps/app.xml'
22:54:33.522 [main] DEBUG - Save part 'docProps/core.xml'
22:54:33.523 [main] DEBUG - Save part 'xl/sharedStrings.xml'
22:54:33.524 [main] DEBUG - Save part 'xl/styles.xml'
22:54:33.524 [main] DEBUG - Save part 'xl/theme/theme1.xml'
22:54:33.524 [main] DEBUG - Save part 'xl/workbook.xml'
22:54:33.525 [main] DEBUG - Save part 'xl/worksheets/sheet1.xml'
22:54:33.525 [main] DEBUG - Save part 'xl/worksheets/sheet2.xml'
22:54:33.550 [main] DEBUG - Parsing relationship: /xl/_rels/workbook.xml.rels
22:54:33.550 [main] DEBUG - Parsing relationship: /xl/worksheets/_rels/sheet2.xml.rels
22:54:33.550 [main] DEBUG - Parsing relationship: /_rels/.rels
22:54:33.560 [main] DEBUG - Save content types part
22:54:33.560 [main] DEBUG - Save package relationships
22:54:33.561 [main] DEBUG - Save part 'docProps/app.xml'
22:54:33.561 [main] DEBUG - Save part 'docProps/core.xml'
22:54:33.561 [main] DEBUG - Save part 'xl/sharedStrings.xml'
22:54:33.561 [main] DEBUG - Save part 'xl/styles.xml'
22:54:33.562 [main] DEBUG - Save part 'xl/theme/theme1.xml'
22:54:33.562 [main] DEBUG - Save part 'xl/workbook.xml'
22:54:33.562 [main] DEBUG - Save part 'xl/worksheets/sheet1.xml'
22:54:33.562 [main] DEBUG - Save part 'xl/worksheets/sheet2.xml'
22:54:33.630 [main] DEBUG - Parsing relationship: /xl/_rels/workbook.xml.rels
22:54:33.630 [main] DEBUG - Parsing relationship: /xl/worksheets/_rels/sheet2.xml.rels
22:54:33.630 [main] DEBUG - Parsing relationship: /_rels/.rels
22:54:33.639 [main] DEBUG - Save content types part
22:54:33.639 [main] DEBUG - Save package relationships
22:54:33.640 [main] DEBUG - Save part 'docProps/app.xml'
22:54:33.640 [main] DEBUG - Save part 'docProps/core.xml'
22:54:33.640 [main] DEBUG - Save part 'xl/sharedStrings.xml'
22:54:33.640 [main] DEBUG - Save part 'xl/styles.xml'
22:54:33.640 [main] DEBUG - Save part 'xl/theme/theme1.xml'
22:54:33.641 [main] DEBUG - Save part 'xl/workbook.xml'
22:54:33.641 [main] DEBUG - Save part 'xl/worksheets/sheet1.xml'
22:54:33.641 [main] DEBUG - Save part 'xl/worksheets/sheet2.xml'
22:54:33.671 [main] DEBUG - Parsing relationship: /xl/_rels/workbook.xml.rels
22:54:33.671 [main] DEBUG - Parsing relationship: /xl/worksheets/_rels/sheet2.xml.rels
22:54:33.671 [main] DEBUG - Parsing relationship: /_rels/.rels
22:54:33.683 [main] DEBUG - Save content types part
22:54:33.683 [main] DEBUG - Save package relationships
22:54:33.684 [main] DEBUG - Save part 'docProps/app.xml'
22:54:33.684 [main] DEBUG - Save part 'docProps/core.xml'
22:54:33.684 [main] DEBUG - Save part 'xl/sharedStrings.xml'
22:54:33.685 [main] DEBUG - Save part 'xl/styles.xml'
22:54:33.685 [main] DEBUG - Save part 'xl/theme/theme1.xml'
22:54:33.685 [main] DEBUG - Save part 'xl/workbook.xml'
22:54:33.685 [main] DEBUG - Save part 'xl/worksheets/sheet1.xml'
22:54:33.686 [main] DEBUG - Save part 'xl/worksheets/sheet2.xml'
22:54:33.716 [main] DEBUG - Parsing relationship: /xl/_rels/workbook.xml.rels
22:54:33.717 [main] DEBUG - Parsing relationship: /xl/worksheets/_rels/sheet2.xml.rels
22:54:33.717 [main] DEBUG - Parsing relationship: /_rels/.rels
22:54:33.730 [main] DEBUG - Save content types part
22:54:33.730 [main] DEBUG - Save package relationships
22:54:33.731 [main] DEBUG - Save part 'docProps/app.xml'
22:54:33.731 [main] DEBUG - Save part 'docProps/core.xml'
22:54:33.731 [main] DEBUG - Save part 'xl/sharedStrings.xml'
22:54:33.732 [main] DEBUG - Save part 'xl/styles.xml'
22:54:33.732 [main] DEBUG - Save part 'xl/theme/theme1.xml'
22:54:33.732 [main] DEBUG - Save part 'xl/workbook.xml'
22:54:33.733 [main] DEBUG - Save part 'xl/worksheets/sheet1.xml'
22:54:33.733 [main] DEBUG - Save part 'xl/worksheets/sheet2.xml'
22:54:33.947 [main] INFO  - Scrolling to popularcities
22:54:38.097 [main] INFO  - *** ending with popular city names***
22:55:30.274 [main] INFO  - *** Starting invalidgoogle login testcase***
22:55:30.293 [main] INFO  - navigating to home page
22:55:31.041 [main] INFO  - clicking on register its free
22:55:36.632 [main] INFO  - click on continue button
22:55:38.599 [main] INFO  - entering invalid email
22:55:38.697 [main] DEBUG - Parsing relationship: /xl/_rels/workbook.xml.rels
22:55:38.699 [main] DEBUG - Parsing relationship: /xl/worksheets/_rels/sheet2.xml.rels
22:55:38.700 [main] DEBUG - Parsing relationship: /_rels/.rels
22:55:38.871 [main] TRACE - Loading type system org.apache.poi.schemas.ooxml.system.ooxml
22:55:38.873 [main] TRACE - Loading type system org.apache.xmlbeans.metadata.system.sXMLCONFIG
22:55:38.874 [main] TRACE - Loading type system org.apache.xmlbeans.metadata.system.sXMLLANG
22:55:38.875 [main] TRACE - Loading type system org.apache.xmlbeans.metadata.system.sXMLSCHEMA
22:55:38.875 [main] TRACE - Loading type system org.apache.xmlbeans.metadata.system.sXMLTOOLS
22:55:38.876 [main] TRACE - Reading unresolved handles for type system org.apache.xmlbeans.metadata.system.sXMLTOOLS
22:55:38.885 [main] TRACE - Finished loading type system org.apache.xmlbeans.metadata.system.sXMLTOOLS
22:55:38.886 [main] TRACE - Reading unresolved handles for type system org.apache.xmlbeans.metadata.system.sXMLSCHEMA
22:55:38.890 [main] TRACE - Finished loading type system org.apache.xmlbeans.metadata.system.sXMLSCHEMA
22:55:38.891 [main] TRACE - Reading unresolved handles for type system org.apache.xmlbeans.metadata.system.sXMLLANG
22:55:38.892 [main] TRACE - Finished loading type system org.apache.xmlbeans.metadata.system.sXMLLANG
22:55:38.893 [main] TRACE - Reading unresolved handles for type system org.apache.xmlbeans.metadata.system.sXMLCONFIG
22:55:38.894 [main] TRACE - Finished loading type system org.apache.xmlbeans.metadata.system.sXMLCONFIG
22:55:38.894 [main] TRACE - Reading unresolved handles for type system org.apache.poi.schemas.ooxml.system.ooxml
22:55:38.932 [main] TRACE - Finished loading type system org.apache.poi.schemas.ooxml.system.ooxml
22:55:38.933 [main] TRACE - Resolving type for handle themefd26doctype
22:55:38.976 [main] TRACE - Resolving type for handle stylesheet5d8bdoctype
22:55:38.980 [main] TRACE - Resolving type for handle ctstylesheet4257type
22:55:38.985 [main] TRACE - Resolving type for handle ctnumfmtsb58btype
22:55:38.986 [main] TRACE - Resolving type for handle ctfonts6623type
22:55:38.988 [main] TRACE - Resolving type for handle ctfont14d8type
22:55:38.992 [main] TRACE - Resolving type for handle ctfills2c6ftype
22:55:38.994 [main] TRACE - Resolving type for handle ctfill550ctype
22:55:38.997 [main] TRACE - Resolving type for handle ctborders0d66type
22:55:38.999 [main] TRACE - Resolving type for handle ctborderf935type
22:55:39.002 [main] TRACE - Resolving type for handle ctcellxfs1322type
22:55:39.004 [main] TRACE - Resolving type for handle ctxf97f7type
22:55:39.007 [main] TRACE - Resolving type for handle ctcellstylexfsa81ftype
22:55:39.008 [main] TRACE - Resolving type for handle ctdxfsb26atype
22:55:39.011 [main] TRACE - Resolving type for handle cttablestyles872ftype
22:55:39.013 [main] TRACE - Resolving type for handle sstf81fdoctype
22:55:39.018 [main] TRACE - Resolving type for handle ctsst44f3type
22:55:39.027 [main] TRACE - Resolving type for handle ctrsta472type
22:55:39.096 [main] TRACE - Resolving type for handle workbookec17doctype
22:55:39.101 [main] TRACE - Resolving type for handle ctworkbook83c3type
22:55:39.106 [main] TRACE - Resolving type for handle ctsheets49fdtype
22:55:39.109 [main] TRACE - Resolving type for handle ctsheet4dbetype
22:55:39.112 [main] TRACE - Resolving type for handle strelationshipid1e94type
22:55:39.117 [main] TRACE - Resolving type for handle worksheetf539doctype
22:55:39.130 [main] TRACE - Resolving type for handle ctworksheet530dtype
22:55:39.142 [main] TRACE - Resolving type for handle ctsheetdata8408type
22:55:39.145 [main] TRACE - Resolving type for handle ctrowdd39type
22:55:39.150 [main] TRACE - Resolving type for handle ctcell842btype
22:55:39.157 [main] TRACE - Resolving type for handle stcellrefe4e0type
22:55:39.174 [main] TRACE - Resolving type for handle ctcols627ctype
22:55:39.180 [main] TRACE - Resolving type for handle ctcola95ftype
22:55:39.199 [main] TRACE - Resolving type for handle cthyperlinks6416type
22:55:39.201 [main] TRACE - Resolving type for handle cthyperlink0c85type
22:55:39.210 [main] TRACE - Resolving type for handle stxstringf179type
22:55:39.219 [main] DEBUG - Parsing relationship: /xl/_rels/workbook.xml.rels
22:55:39.220 [main] DEBUG - Parsing relationship: /xl/worksheets/_rels/sheet2.xml.rels
22:55:39.221 [main] DEBUG - Parsing relationship: /_rels/.rels
22:55:39.249 [main] DEBUG - Parsing relationship: /xl/_rels/workbook.xml.rels
22:55:39.250 [main] DEBUG - Parsing relationship: /xl/worksheets/_rels/sheet2.xml.rels
22:55:39.250 [main] DEBUG - Parsing relationship: /_rels/.rels
22:55:39.290 [main] TRACE - Resolving type for handle stcelltypebf95type
22:55:41.961 [main] DEBUG - Parsing relationship: /xl/_rels/workbook.xml.rels
22:55:41.962 [main] DEBUG - Parsing relationship: /xl/worksheets/_rels/sheet2.xml.rels
22:55:41.964 [main] DEBUG - Parsing relationship: /_rels/.rels
22:55:42.030 [main] DEBUG - Parsing relationship: /xl/_rels/workbook.xml.rels
22:55:42.031 [main] DEBUG - Parsing relationship: /xl/worksheets/_rels/sheet2.xml.rels
22:55:42.032 [main] DEBUG - Parsing relationship: /_rels/.rels
22:55:44.365 [main] DEBUG - Parsing relationship: /xl/_rels/workbook.xml.rels
22:55:44.367 [main] DEBUG - Parsing relationship: /xl/worksheets/_rels/sheet2.xml.rels
22:55:44.368 [main] DEBUG - Parsing relationship: /_rels/.rels
22:55:44.448 [main] DEBUG - Parsing relationship: /xl/_rels/workbook.xml.rels
22:55:44.449 [main] DEBUG - Parsing relationship: /xl/worksheets/_rels/sheet2.xml.rels
22:55:44.451 [main] DEBUG - Parsing relationship: /_rels/.rels
22:55:46.737 [main] DEBUG - Parsing relationship: /xl/_rels/workbook.xml.rels
22:55:46.738 [main] DEBUG - Parsing relationship: /xl/worksheets/_rels/sheet2.xml.rels
22:55:46.739 [main] DEBUG - Parsing relationship: /_rels/.rels
22:55:46.821 [main] DEBUG - Parsing relationship: /xl/_rels/workbook.xml.rels
22:55:46.823 [main] DEBUG - Parsing relationship: /xl/worksheets/_rels/sheet2.xml.rels
22:55:46.825 [main] DEBUG - Parsing relationship: /_rels/.rels
22:55:49.505 [main] INFO  - *** ending InvalidGoogleLogin ***
22:55:59.660 [main] INFO  -  *** Starting navigating to town script***
22:56:00.180 [main] INFO  - clicking on mybookings link
22:56:04.776 [main] INFO  - clicking on city dropdown
22:56:10.315 [main] INFO  - clicking on fitness and wellbeing link
22:56:15.745 [main] INFO  - clicking on fitness and wellbeing link
22:56:25.233 [main] INFO  - ** here we print the events**
22:58:36.193 [main] DEBUG - Parsing relationship: /xl/_rels/workbook.xml.rels
22:58:36.193 [main] DEBUG - Parsing relationship: /xl/worksheets/_rels/sheet2.xml.rels
22:58:36.194 [main] DEBUG - Parsing relationship: /_rels/.rels
22:58:36.282 [main] TRACE - Resolving type for handle stcellstylexfid70c7type
22:58:36.286 [main] TRACE - Resolving type for handle ctsheetdimensiond310type
22:58:36.289 [main] TRACE - Resolving type for handle stref90a2type
22:58:36.310 [main] TRACE - Resolving type for handle propertiesee84doctype
22:58:36.312 [main] TRACE - Resolving type for handle ctproperties3f10type
22:58:36.317 [main] TRACE - Resolving type for handle properties288cdoctype
22:58:36.318 [main] TRACE - Resolving type for handle ctproperties2c18type
22:58:36.326 [main] DEBUG - Save content types part
22:58:36.427 [main] DEBUG - Save package relationships
22:58:36.431 [main] DEBUG - Save part 'docProps/app.xml'
22:58:36.431 [main] DEBUG - Save part 'docProps/core.xml'
22:58:36.434 [main] DEBUG - Save part 'xl/sharedStrings.xml'
22:58:36.435 [main] DEBUG - Save part 'xl/styles.xml'
22:58:36.435 [main] DEBUG - Save part 'xl/theme/theme1.xml'
22:58:36.436 [main] DEBUG - Save part 'xl/workbook.xml'
22:58:36.437 [main] DEBUG - Save part 'xl/worksheets/sheet1.xml'
22:58:36.438 [main] DEBUG - Save part 'xl/worksheets/sheet2.xml'
22:58:36.474 [main] DEBUG - Parsing relationship: /xl/_rels/workbook.xml.rels
22:58:36.475 [main] DEBUG - Parsing relationship: /xl/worksheets/_rels/sheet2.xml.rels
22:58:36.476 [main] DEBUG - Parsing relationship: /_rels/.rels
22:58:36.495 [main] DEBUG - Save content types part
22:58:36.496 [main] DEBUG - Save package relationships
22:58:36.497 [main] DEBUG - Save part 'docProps/app.xml'
22:58:36.497 [main] DEBUG - Save part 'docProps/core.xml'
22:58:36.499 [main] DEBUG - Save part 'xl/sharedStrings.xml'
22:58:36.499 [main] DEBUG - Save part 'xl/styles.xml'
22:58:36.499 [main] DEBUG - Save part 'xl/theme/theme1.xml'
22:58:36.500 [main] DEBUG - Save part 'xl/workbook.xml'
22:58:36.501 [main] DEBUG - Save part 'xl/worksheets/sheet1.xml'
22:58:36.502 [main] DEBUG - Save part 'xl/worksheets/sheet2.xml'
22:58:36.527 [main] DEBUG - Parsing relationship: /xl/_rels/workbook.xml.rels
22:58:36.527 [main] DEBUG - Parsing relationship: /xl/worksheets/_rels/sheet2.xml.rels
22:58:36.528 [main] DEBUG - Parsing relationship: /_rels/.rels
22:58:36.548 [main] DEBUG - Save content types part
22:58:36.550 [main] DEBUG - Save package relationships
22:58:36.551 [main] DEBUG - Save part 'docProps/app.xml'
22:58:36.551 [main] DEBUG - Save part 'docProps/core.xml'
22:58:36.552 [main] DEBUG - Save part 'xl/sharedStrings.xml'
22:58:36.552 [main] DEBUG - Save part 'xl/styles.xml'
22:58:36.553 [main] DEBUG - Save part 'xl/theme/theme1.xml'
22:58:36.553 [main] DEBUG - Save part 'xl/workbook.xml'
22:58:36.554 [main] DEBUG - Save part 'xl/worksheets/sheet1.xml'
22:58:36.555 [main] DEBUG - Save part 'xl/worksheets/sheet2.xml'
22:58:36.613 [main] DEBUG - Parsing relationship: /xl/_rels/workbook.xml.rels
22:58:36.614 [main] DEBUG - Parsing relationship: /xl/worksheets/_rels/sheet2.xml.rels
22:58:36.615 [main] DEBUG - Parsing relationship: /_rels/.rels
22:58:36.634 [main] DEBUG - Save content types part
22:58:36.636 [main] DEBUG - Save package relationships
22:58:36.636 [main] DEBUG - Save part 'docProps/app.xml'
22:58:36.637 [main] DEBUG - Save part 'docProps/core.xml'
22:58:36.638 [main] DEBUG - Save part 'xl/sharedStrings.xml'
22:58:36.639 [main] DEBUG - Save part 'xl/styles.xml'
22:58:36.639 [main] DEBUG - Save part 'xl/theme/theme1.xml'
22:58:36.639 [main] DEBUG - Save part 'xl/workbook.xml'
22:58:36.641 [main] DEBUG - Save part 'xl/worksheets/sheet1.xml'
22:58:36.641 [main] DEBUG - Save part 'xl/worksheets/sheet2.xml'
22:58:36.670 [main] DEBUG - Parsing relationship: /xl/_rels/workbook.xml.rels
22:58:36.671 [main] DEBUG - Parsing relationship: /xl/worksheets/_rels/sheet2.xml.rels
22:58:36.671 [main] DEBUG - Parsing relationship: /_rels/.rels
22:58:36.690 [main] DEBUG - Save content types part
22:58:36.692 [main] DEBUG - Save package relationships
22:58:36.693 [main] DEBUG - Save part 'docProps/app.xml'
22:58:36.693 [main] DEBUG - Save part 'docProps/core.xml'
22:58:36.695 [main] DEBUG - Save part 'xl/sharedStrings.xml'
22:58:36.695 [main] DEBUG - Save part 'xl/styles.xml'
22:58:36.696 [main] DEBUG - Save part 'xl/theme/theme1.xml'
22:58:36.696 [main] DEBUG - Save part 'xl/workbook.xml'
22:58:36.698 [main] DEBUG - Save part 'xl/worksheets/sheet1.xml'
22:58:36.698 [main] DEBUG - Save part 'xl/worksheets/sheet2.xml'
22:58:36.727 [main] DEBUG - Parsing relationship: /xl/_rels/workbook.xml.rels
22:58:36.728 [main] DEBUG - Parsing relationship: /xl/worksheets/_rels/sheet2.xml.rels
22:58:36.729 [main] DEBUG - Parsing relationship: /_rels/.rels
22:58:36.749 [main] DEBUG - Save content types part
22:58:36.751 [main] DEBUG - Save package relationships
22:58:36.752 [main] DEBUG - Save part 'docProps/app.xml'
22:58:36.752 [main] DEBUG - Save part 'docProps/core.xml'
22:58:36.753 [main] DEBUG - Save part 'xl/sharedStrings.xml'
22:58:36.753 [main] DEBUG - Save part 'xl/styles.xml'
22:58:36.754 [main] DEBUG - Save part 'xl/theme/theme1.xml'
22:58:36.754 [main] DEBUG - Save part 'xl/workbook.xml'
22:58:36.756 [main] DEBUG - Save part 'xl/worksheets/sheet1.xml'
22:58:36.756 [main] DEBUG - Save part 'xl/worksheets/sheet2.xml'
22:58:36.829 [main] DEBUG - Parsing relationship: /xl/_rels/workbook.xml.rels
22:58:36.829 [main] DEBUG - Parsing relationship: /xl/worksheets/_rels/sheet2.xml.rels
22:58:36.830 [main] DEBUG - Parsing relationship: /_rels/.rels
22:58:36.856 [main] DEBUG - Save content types part
22:58:36.857 [main] DEBUG - Save package relationships
22:58:36.858 [main] DEBUG - Save part 'docProps/app.xml'
22:58:36.858 [main] DEBUG - Save part 'docProps/core.xml'
22:58:36.859 [main] DEBUG - Save part 'xl/sharedStrings.xml'
22:58:36.859 [main] DEBUG - Save part 'xl/styles.xml'
22:58:36.860 [main] DEBUG - Save part 'xl/theme/theme1.xml'
22:58:36.860 [main] DEBUG - Save part 'xl/workbook.xml'
22:58:36.861 [main] DEBUG - Save part 'xl/worksheets/sheet1.xml'
22:58:36.862 [main] DEBUG - Save part 'xl/worksheets/sheet2.xml'
22:58:36.889 [main] DEBUG - Parsing relationship: /xl/_rels/workbook.xml.rels
22:58:36.890 [main] DEBUG - Parsing relationship: /xl/worksheets/_rels/sheet2.xml.rels
22:58:36.890 [main] DEBUG - Parsing relationship: /_rels/.rels
22:58:36.912 [main] DEBUG - Save content types part
22:58:36.914 [main] DEBUG - Save package relationships
22:58:36.915 [main] DEBUG - Save part 'docProps/app.xml'
22:58:36.915 [main] DEBUG - Save part 'docProps/core.xml'
22:58:36.916 [main] DEBUG - Save part 'xl/sharedStrings.xml'
22:58:36.916 [main] DEBUG - Save part 'xl/styles.xml'
22:58:36.916 [main] DEBUG - Save part 'xl/theme/theme1.xml'
22:58:36.916 [main] DEBUG - Save part 'xl/workbook.xml'
22:58:36.917 [main] DEBUG - Save part 'xl/worksheets/sheet1.xml'
22:58:36.918 [main] DEBUG - Save part 'xl/worksheets/sheet2.xml'
22:58:36.946 [main] DEBUG - Parsing relationship: /xl/_rels/workbook.xml.rels
22:58:36.946 [main] DEBUG - Parsing relationship: /xl/worksheets/_rels/sheet2.xml.rels
22:58:36.946 [main] DEBUG - Parsing relationship: /_rels/.rels
22:58:36.964 [main] DEBUG - Save content types part
22:58:36.966 [main] DEBUG - Save package relationships
22:58:36.967 [main] DEBUG - Save part 'docProps/app.xml'
22:58:36.967 [main] DEBUG - Save part 'docProps/core.xml'
22:58:36.969 [main] DEBUG - Save part 'xl/sharedStrings.xml'
22:58:36.970 [main] DEBUG - Save part 'xl/styles.xml'
22:58:36.970 [main] DEBUG - Save part 'xl/theme/theme1.xml'
22:58:36.970 [main] DEBUG - Save part 'xl/workbook.xml'
22:58:36.971 [main] DEBUG - Save part 'xl/worksheets/sheet1.xml'
22:58:36.972 [main] DEBUG - Save part 'xl/worksheets/sheet2.xml'
22:58:37.034 [main] DEBUG - Parsing relationship: /xl/_rels/workbook.xml.rels
22:58:37.035 [main] DEBUG - Parsing relationship: /xl/worksheets/_rels/sheet2.xml.rels
22:58:37.035 [main] DEBUG - Parsing relationship: /_rels/.rels
22:58:37.051 [main] DEBUG - Save content types part
22:58:37.052 [main] DEBUG - Save package relationships
22:58:37.053 [main] DEBUG - Save part 'docProps/app.xml'
22:58:37.053 [main] DEBUG - Save part 'docProps/core.xml'
22:58:37.054 [main] DEBUG - Save part 'xl/sharedStrings.xml'
22:58:37.054 [main] DEBUG - Save part 'xl/styles.xml'
22:58:37.054 [main] DEBUG - Save part 'xl/theme/theme1.xml'
22:58:37.055 [main] DEBUG - Save part 'xl/workbook.xml'
22:58:37.056 [main] DEBUG - Save part 'xl/worksheets/sheet1.xml'
22:58:37.056 [main] DEBUG - Save part 'xl/worksheets/sheet2.xml'
22:58:37.082 [main] DEBUG - Parsing relationship: /xl/_rels/workbook.xml.rels
22:58:37.082 [main] DEBUG - Parsing relationship: /xl/worksheets/_rels/sheet2.xml.rels
22:58:37.082 [main] DEBUG - Parsing relationship: /_rels/.rels
22:58:37.096 [main] DEBUG - Save content types part
22:58:37.097 [main] DEBUG - Save package relationships
22:58:37.098 [main] DEBUG - Save part 'docProps/app.xml'
22:58:37.098 [main] DEBUG - Save part 'docProps/core.xml'
22:58:37.099 [main] DEBUG - Save part 'xl/sharedStrings.xml'
22:58:37.099 [main] DEBUG - Save part 'xl/styles.xml'
22:58:37.099 [main] DEBUG - Save part 'xl/theme/theme1.xml'
22:58:37.100 [main] DEBUG - Save part 'xl/workbook.xml'
22:58:37.100 [main] DEBUG - Save part 'xl/worksheets/sheet1.xml'
22:58:37.101 [main] DEBUG - Save part 'xl/worksheets/sheet2.xml'
22:58:37.125 [main] DEBUG - Parsing relationship: /xl/_rels/workbook.xml.rels
22:58:37.126 [main] DEBUG - Parsing relationship: /xl/worksheets/_rels/sheet2.xml.rels
22:58:37.126 [main] DEBUG - Parsing relationship: /_rels/.rels
22:58:37.137 [main] DEBUG - Save content types part
22:58:37.138 [main] DEBUG - Save package relationships
22:58:37.139 [main] DEBUG - Save part 'docProps/app.xml'
22:58:37.139 [main] DEBUG - Save part 'docProps/core.xml'
22:58:37.139 [main] DEBUG - Save part 'xl/sharedStrings.xml'
22:58:37.140 [main] DEBUG - Save part 'xl/styles.xml'
22:58:37.140 [main] DEBUG - Save part 'xl/theme/theme1.xml'
22:58:37.140 [main] DEBUG - Save part 'xl/workbook.xml'
22:58:37.141 [main] DEBUG - Save part 'xl/worksheets/sheet1.xml'
22:58:37.141 [main] DEBUG - Save part 'xl/worksheets/sheet2.xml'
22:58:37.194 [main] DEBUG - Parsing relationship: /xl/_rels/workbook.xml.rels
22:58:37.194 [main] DEBUG - Parsing relationship: /xl/worksheets/_rels/sheet2.xml.rels
22:58:37.195 [main] DEBUG - Parsing relationship: /_rels/.rels
22:58:37.212 [main] DEBUG - Save content types part
22:58:37.212 [main] DEBUG - Save package relationships
22:58:37.213 [main] DEBUG - Save part 'docProps/app.xml'
22:58:37.213 [main] DEBUG - Save part 'docProps/core.xml'
22:58:37.214 [main] DEBUG - Save part 'xl/sharedStrings.xml'
22:58:37.214 [main] DEBUG - Save part 'xl/styles.xml'
22:58:37.215 [main] DEBUG - Save part 'xl/theme/theme1.xml'
22:58:37.215 [main] DEBUG - Save part 'xl/workbook.xml'
22:58:37.216 [main] DEBUG - Save part 'xl/worksheets/sheet1.xml'
22:58:37.216 [main] DEBUG - Save part 'xl/worksheets/sheet2.xml'
22:58:37.242 [main] DEBUG - Parsing relationship: /xl/_rels/workbook.xml.rels
22:58:37.242 [main] DEBUG - Parsing relationship: /xl/worksheets/_rels/sheet2.xml.rels
22:58:37.243 [main] DEBUG - Parsing relationship: /_rels/.rels
22:58:37.259 [main] DEBUG - Save content types part
22:58:37.260 [main] DEBUG - Save package relationships
22:58:37.261 [main] DEBUG - Save part 'docProps/app.xml'
22:58:37.261 [main] DEBUG - Save part 'docProps/core.xml'
22:58:37.262 [main] DEBUG - Save part 'xl/sharedStrings.xml'
22:58:37.263 [main] DEBUG - Save part 'xl/styles.xml'
22:58:37.263 [main] DEBUG - Save part 'xl/theme/theme1.xml'
22:58:37.263 [main] DEBUG - Save part 'xl/workbook.xml'
22:58:37.265 [main] DEBUG - Save part 'xl/worksheets/sheet1.xml'
22:58:37.265 [main] DEBUG - Save part 'xl/worksheets/sheet2.xml'
22:58:37.295 [main] DEBUG - Parsing relationship: /xl/_rels/workbook.xml.rels
22:58:37.295 [main] DEBUG - Parsing relationship: /xl/worksheets/_rels/sheet2.xml.rels
22:58:37.296 [main] DEBUG - Parsing relationship: /_rels/.rels
22:58:37.311 [main] DEBUG - Save content types part
22:58:37.312 [main] DEBUG - Save package relationships
22:58:37.313 [main] DEBUG - Save part 'docProps/app.xml'
22:58:37.313 [main] DEBUG - Save part 'docProps/core.xml'
22:58:37.314 [main] DEBUG - Save part 'xl/sharedStrings.xml'
22:58:37.314 [main] DEBUG - Save part 'xl/styles.xml'
22:58:37.315 [main] DEBUG - Save part 'xl/theme/theme1.xml'
22:58:37.315 [main] DEBUG - Save part 'xl/workbook.xml'
22:58:37.316 [main] DEBUG - Save part 'xl/worksheets/sheet1.xml'
22:58:37.317 [main] DEBUG - Save part 'xl/worksheets/sheet2.xml'
22:58:37.388 [main] DEBUG - Parsing relationship: /xl/_rels/workbook.xml.rels
22:58:37.388 [main] DEBUG - Parsing relationship: /xl/worksheets/_rels/sheet2.xml.rels
22:58:37.389 [main] DEBUG - Parsing relationship: /_rels/.rels
22:58:37.401 [main] DEBUG - Save content types part
22:58:37.401 [main] DEBUG - Save package relationships
22:58:37.402 [main] DEBUG - Save part 'docProps/app.xml'
22:58:37.402 [main] DEBUG - Save part 'docProps/core.xml'
22:58:37.403 [main] DEBUG - Save part 'xl/sharedStrings.xml'
22:58:37.403 [main] DEBUG - Save part 'xl/styles.xml'
22:58:37.404 [main] DEBUG - Save part 'xl/theme/theme1.xml'
22:58:37.404 [main] DEBUG - Save part 'xl/workbook.xml'
22:58:37.405 [main] DEBUG - Save part 'xl/worksheets/sheet1.xml'
22:58:37.405 [main] DEBUG - Save part 'xl/worksheets/sheet2.xml'
22:58:37.435 [main] DEBUG - Parsing relationship: /xl/_rels/workbook.xml.rels
22:58:37.436 [main] DEBUG - Parsing relationship: /xl/worksheets/_rels/sheet2.xml.rels
22:58:37.436 [main] DEBUG - Parsing relationship: /_rels/.rels
22:58:37.448 [main] DEBUG - Save content types part
22:58:37.449 [main] DEBUG - Save package relationships
22:58:37.450 [main] DEBUG - Save part 'docProps/app.xml'
22:58:37.450 [main] DEBUG - Save part 'docProps/core.xml'
22:58:37.451 [main] DEBUG - Save part 'xl/sharedStrings.xml'
22:58:37.451 [main] DEBUG - Save part 'xl/styles.xml'
22:58:37.451 [main] DEBUG - Save part 'xl/theme/theme1.xml'
22:58:37.452 [main] DEBUG - Save part 'xl/workbook.xml'
22:58:37.452 [main] DEBUG - Save part 'xl/worksheets/sheet1.xml'
22:58:37.453 [main] DEBUG - Save part 'xl/worksheets/sheet2.xml'
22:58:37.478 [main] DEBUG - Parsing relationship: /xl/_rels/workbook.xml.rels
22:58:37.478 [main] DEBUG - Parsing relationship: /xl/worksheets/_rels/sheet2.xml.rels
22:58:37.479 [main] DEBUG - Parsing relationship: /_rels/.rels
22:58:37.490 [main] DEBUG - Save content types part
22:58:37.491 [main] DEBUG - Save package relationships
22:58:37.492 [main] DEBUG - Save part 'docProps/app.xml'
22:58:37.492 [main] DEBUG - Save part 'docProps/core.xml'
22:58:37.493 [main] DEBUG - Save part 'xl/sharedStrings.xml'
22:58:37.494 [main] DEBUG - Save part 'xl/styles.xml'
22:58:37.494 [main] DEBUG - Save part 'xl/theme/theme1.xml'
22:58:37.494 [main] DEBUG - Save part 'xl/workbook.xml'
22:58:37.495 [main] DEBUG - Save part 'xl/worksheets/sheet1.xml'
22:58:37.495 [main] DEBUG - Save part 'xl/worksheets/sheet2.xml'
22:58:37.563 [main] DEBUG - Parsing relationship: /xl/_rels/workbook.xml.rels
22:58:37.565 [main] DEBUG - Parsing relationship: /xl/worksheets/_rels/sheet2.xml.rels
22:58:37.565 [main] DEBUG - Parsing relationship: /_rels/.rels
22:58:37.586 [main] DEBUG - Save content types part
22:58:37.587 [main] DEBUG - Save package relationships
22:58:37.588 [main] DEBUG - Save part 'docProps/app.xml'
22:58:37.588 [main] DEBUG - Save part 'docProps/core.xml'
22:58:37.589 [main] DEBUG - Save part 'xl/sharedStrings.xml'
22:58:37.590 [main] DEBUG - Save part 'xl/styles.xml'
22:58:37.590 [main] DEBUG - Save part 'xl/theme/theme1.xml'
22:58:37.590 [main] DEBUG - Save part 'xl/workbook.xml'
22:58:37.591 [main] DEBUG - Save part 'xl/worksheets/sheet1.xml'
22:58:37.592 [main] DEBUG - Save part 'xl/worksheets/sheet2.xml'
22:58:37.619 [main] DEBUG - Parsing relationship: /xl/_rels/workbook.xml.rels
22:58:37.619 [main] DEBUG - Parsing relationship: /xl/worksheets/_rels/sheet2.xml.rels
22:58:37.620 [main] DEBUG - Parsing relationship: /_rels/.rels
22:58:37.633 [main] DEBUG - Save content types part
22:58:37.634 [main] DEBUG - Save package relationships
22:58:37.635 [main] DEBUG - Save part 'docProps/app.xml'
22:58:37.635 [main] DEBUG - Save part 'docProps/core.xml'
22:58:37.635 [main] DEBUG - Save part 'xl/sharedStrings.xml'
22:58:37.636 [main] DEBUG - Save part 'xl/styles.xml'
22:58:37.636 [main] DEBUG - Save part 'xl/theme/theme1.xml'
22:58:37.636 [main] DEBUG - Save part 'xl/workbook.xml'
22:58:37.637 [main] DEBUG - Save part 'xl/worksheets/sheet1.xml'
22:58:37.637 [main] DEBUG - Save part 'xl/worksheets/sheet2.xml'
22:58:37.662 [main] DEBUG - Parsing relationship: /xl/_rels/workbook.xml.rels
22:58:37.663 [main] DEBUG - Parsing relationship: /xl/worksheets/_rels/sheet2.xml.rels
22:58:37.663 [main] DEBUG - Parsing relationship: /_rels/.rels
22:58:37.677 [main] DEBUG - Save content types part
22:58:37.678 [main] DEBUG - Save package relationships
22:58:37.679 [main] DEBUG - Save part 'docProps/app.xml'
22:58:37.679 [main] DEBUG - Save part 'docProps/core.xml'
22:58:37.680 [main] DEBUG - Save part 'xl/sharedStrings.xml'
22:58:37.681 [main] DEBUG - Save part 'xl/styles.xml'
22:58:37.681 [main] DEBUG - Save part 'xl/theme/theme1.xml'
22:58:37.681 [main] DEBUG - Save part 'xl/workbook.xml'
22:58:37.682 [main] DEBUG - Save part 'xl/worksheets/sheet1.xml'
22:58:37.683 [main] DEBUG - Save part 'xl/worksheets/sheet2.xml'
22:58:37.735 [main] DEBUG - Parsing relationship: /xl/_rels/workbook.xml.rels
22:58:37.736 [main] DEBUG - Parsing relationship: /xl/worksheets/_rels/sheet2.xml.rels
22:58:37.736 [main] DEBUG - Parsing relationship: /_rels/.rels
22:58:37.748 [main] DEBUG - Save content types part
22:58:37.749 [main] DEBUG - Save package relationships
22:58:37.750 [main] DEBUG - Save part 'docProps/app.xml'
22:58:37.750 [main] DEBUG - Save part 'docProps/core.xml'
22:58:37.751 [main] DEBUG - Save part 'xl/sharedStrings.xml'
22:58:37.752 [main] DEBUG - Save part 'xl/styles.xml'
22:58:37.752 [main] DEBUG - Save part 'xl/theme/theme1.xml'
22:58:37.752 [main] DEBUG - Save part 'xl/workbook.xml'
