15:59:32.839 [main] DEBUG - Save part 'xl/worksheets/sheet3.xml'
15:59:32.901 [main] DEBUG - Parsing relationship: /xl/_rels/workbook.xml.rels
15:59:32.901 [main] DEBUG - Parsing relationship: /xl/worksheets/_rels/sheet2.xml.rels
15:59:32.902 [main] DEBUG - Parsing relationship: /_rels/.rels
15:59:32.917 [main] DEBUG - Save content types part
15:59:32.918 [main] DEBUG - Save package relationships
15:59:32.918 [main] DEBUG - Save part 'docProps/app.xml'
15:59:32.919 [main] DEBUG - Save part 'docProps/core.xml'
15:59:32.919 [main] DEBUG - Save part 'xl/sharedStrings.xml'
15:59:32.920 [main] DEBUG - Save part 'xl/styles.xml'
15:59:32.940 [main] DEBUG - Save part 'xl/theme/theme1.xml'
15:59:32.940 [main] DEBUG - Save part 'xl/workbook.xml'
15:59:32.941 [main] DEBUG - Save part 'xl/worksheets/sheet1.xml'
15:59:32.941 [main] DEBUG - Save part 'xl/worksheets/sheet2.xml'
15:59:32.942 [main] DEBUG - Save part 'xl/worksheets/sheet3.xml'
15:59:33.009 [main] DEBUG - Parsing relationship: /xl/_rels/workbook.xml.rels
15:59:33.009 [main] DEBUG - Parsing relationship: /xl/worksheets/_rels/sheet2.xml.rels
15:59:33.009 [main] DEBUG - Parsing relationship: /_rels/.rels
15:59:33.025 [main] DEBUG - Save content types part
15:59:33.026 [main] DEBUG - Save package relationships
15:59:33.027 [main] DEBUG - Save part 'docProps/app.xml'
15:59:33.027 [main] DEBUG - Save part 'docProps/core.xml'
15:59:33.028 [main] DEBUG - Save part 'xl/sharedStrings.xml'
15:59:33.028 [main] DEBUG - Save part 'xl/styles.xml'
15:59:33.028 [main] DEBUG - Save part 'xl/theme/theme1.xml'
15:59:33.028 [main] DEBUG - Save part 'xl/workbook.xml'
15:59:33.030 [main] DEBUG - Save part 'xl/worksheets/sheet1.xml'
15:59:33.030 [main] DEBUG - Save part 'xl/worksheets/sheet2.xml'
15:59:33.031 [main] DEBUG - Save part 'xl/worksheets/sheet3.xml'
15:59:33.062 [main] DEBUG - Parsing relationship: /xl/_rels/workbook.xml.rels
15:59:33.064 [main] DEBUG - Parsing relationship: /xl/worksheets/_rels/sheet2.xml.rels
15:59:33.064 [main] DEBUG - Parsing relationship: /_rels/.rels
15:59:33.080 [main] DEBUG - Save content types part
15:59:33.081 [main] DEBUG - Save package relationships
15:59:33.082 [main] DEBUG - Save part 'docProps/app.xml'
15:59:33.082 [main] DEBUG - Save part 'docProps/core.xml'
15:59:33.083 [main] DEBUG - Save part 'xl/sharedStrings.xml'
15:59:33.083 [main] DEBUG - Save part 'xl/styles.xml'
15:59:33.083 [main] DEBUG - Save part 'xl/theme/theme1.xml'
15:59:33.084 [main] DEBUG - Save part 'xl/workbook.xml'
15:59:33.084 [main] DEBUG - Save part 'xl/worksheets/sheet1.xml'
15:59:33.084 [main] DEBUG - Save part 'xl/worksheets/sheet2.xml'
15:59:33.085 [main] DEBUG - Save part 'xl/worksheets/sheet3.xml'
15:59:33.111 [main] DEBUG - Parsing relationship: /xl/_rels/workbook.xml.rels
15:59:33.111 [main] DEBUG - Parsing relationship: /xl/worksheets/_rels/sheet2.xml.rels
15:59:33.111 [main] DEBUG - Parsing relationship: /_rels/.rels
15:59:33.126 [main] DEBUG - Save content types part
15:59:33.127 [main] DEBUG - Save package relationships
15:59:33.127 [main] DEBUG - Save part 'docProps/app.xml'
15:59:33.127 [main] DEBUG - Save part 'docProps/core.xml'
15:59:33.128 [main] DEBUG - Save part 'xl/sharedStrings.xml'
15:59:33.128 [main] DEBUG - Save part 'xl/styles.xml'
15:59:33.129 [main] DEBUG - Save part 'xl/theme/theme1.xml'
15:59:33.129 [main] DEBUG - Save part 'xl/workbook.xml'
15:59:33.130 [main] DEBUG - Save part 'xl/worksheets/sheet1.xml'
15:59:33.130 [main] DEBUG - Save part 'xl/worksheets/sheet2.xml'
15:59:33.131 [main] DEBUG - Save part 'xl/worksheets/sheet3.xml'
15:59:33.209 [main] DEBUG - Parsing relationship: /xl/_rels/workbook.xml.rels
15:59:33.209 [main] DEBUG - Parsing relationship: /xl/worksheets/_rels/sheet2.xml.rels
15:59:33.210 [main] DEBUG - Parsing relationship: /_rels/.rels
15:59:33.223 [main] DEBUG - Save content types part
15:59:33.224 [main] DEBUG - Save package relationships
15:59:33.225 [main] DEBUG - Save part 'docProps/app.xml'
15:59:33.225 [main] DEBUG - Save part 'docProps/core.xml'
15:59:33.225 [main] DEBUG - Save part 'xl/sharedStrings.xml'
15:59:33.226 [main] DEBUG - Save part 'xl/styles.xml'
15:59:33.226 [main] DEBUG - Save part 'xl/theme/theme1.xml'
15:59:33.226 [main] DEBUG - Save part 'xl/workbook.xml'
15:59:33.227 [main] DEBUG - Save part 'xl/worksheets/sheet1.xml'
15:59:33.227 [main] DEBUG - Save part 'xl/worksheets/sheet2.xml'
15:59:33.228 [main] DEBUG - Save part 'xl/worksheets/sheet3.xml'
15:59:33.256 [main] DEBUG - Parsing relationship: /xl/_rels/workbook.xml.rels
15:59:33.256 [main] DEBUG - Parsing relationship: /xl/worksheets/_rels/sheet2.xml.rels
15:59:33.257 [main] DEBUG - Parsing relationship: /_rels/.rels
15:59:33.268 [main] DEBUG - Save content types part
15:59:33.269 [main] DEBUG - Save package relationships
15:59:33.269 [main] DEBUG - Save part 'docProps/app.xml'
15:59:33.269 [main] DEBUG - Save part 'docProps/core.xml'
15:59:33.270 [main] DEBUG - Save part 'xl/sharedStrings.xml'
15:59:33.270 [main] DEBUG - Save part 'xl/styles.xml'
15:59:33.271 [main] DEBUG - Save part 'xl/theme/theme1.xml'
15:59:33.271 [main] DEBUG - Save part 'xl/workbook.xml'
15:59:33.272 [main] DEBUG - Save part 'xl/worksheets/sheet1.xml'
15:59:33.272 [main] DEBUG - Save part 'xl/worksheets/sheet2.xml'
15:59:33.273 [main] DEBUG - Save part 'xl/worksheets/sheet3.xml'
15:59:33.305 [main] DEBUG - Parsing relationship: /xl/_rels/workbook.xml.rels
15:59:33.306 [main] DEBUG - Parsing relationship: /xl/worksheets/_rels/sheet2.xml.rels
15:59:33.306 [main] DEBUG - Parsing relationship: /_rels/.rels
15:59:33.323 [main] DEBUG - Save content types part
15:59:33.324 [main] DEBUG - Save package relationships
15:59:33.325 [main] DEBUG - Save part 'docProps/app.xml'
15:59:33.325 [main] DEBUG - Save part 'docProps/core.xml'
15:59:33.326 [main] DEBUG - Save part 'xl/sharedStrings.xml'
15:59:33.326 [main] DEBUG - Save part 'xl/styles.xml'
15:59:33.326 [main] DEBUG - Save part 'xl/theme/theme1.xml'
15:59:33.326 [main] DEBUG - Save part 'xl/workbook.xml'
15:59:33.327 [main] DEBUG - Save part 'xl/worksheets/sheet1.xml'
15:59:33.327 [main] DEBUG - Save part 'xl/worksheets/sheet2.xml'
15:59:33.328 [main] DEBUG - Save part 'xl/worksheets/sheet3.xml'
15:59:33.419 [main] DEBUG - Parsing relationship: /xl/_rels/workbook.xml.rels
15:59:33.419 [main] DEBUG - Parsing relationship: /xl/worksheets/_rels/sheet2.xml.rels
15:59:33.420 [main] DEBUG - Parsing relationship: /_rels/.rels
15:59:33.434 [main] DEBUG - Save content types part
15:59:33.435 [main] DEBUG - Save package relationships
15:59:33.435 [main] DEBUG - Save part 'docProps/app.xml'
15:59:33.435 [main] DEBUG - Save part 'docProps/core.xml'
15:59:33.436 [main] DEBUG - Save part 'xl/sharedStrings.xml'
15:59:33.436 [main] DEBUG - Save part 'xl/styles.xml'
15:59:33.436 [main] DEBUG - Save part 'xl/theme/theme1.xml'
15:59:33.437 [main] DEBUG - Save part 'xl/workbook.xml'
15:59:33.437 [main] DEBUG - Save part 'xl/worksheets/sheet1.xml'
15:59:33.438 [main] DEBUG - Save part 'xl/worksheets/sheet2.xml'
15:59:33.439 [main] DEBUG - Save part 'xl/worksheets/sheet3.xml'
15:59:33.467 [main] DEBUG - Parsing relationship: /xl/_rels/workbook.xml.rels
15:59:33.467 [main] DEBUG - Parsing relationship: /xl/worksheets/_rels/sheet2.xml.rels
15:59:33.467 [main] DEBUG - Parsing relationship: /_rels/.rels
15:59:33.481 [main] DEBUG - Save content types part
15:59:33.482 [main] DEBUG - Save package relationships
15:59:33.482 [main] DEBUG - Save part 'docProps/app.xml'
15:59:33.483 [main] DEBUG - Save part 'docProps/core.xml'
15:59:33.483 [main] DEBUG - Save part 'xl/sharedStrings.xml'
15:59:33.483 [main] DEBUG - Save part 'xl/styles.xml'
15:59:33.484 [main] DEBUG - Save part 'xl/theme/theme1.xml'
15:59:33.484 [main] DEBUG - Save part 'xl/workbook.xml'
15:59:33.484 [main] DEBUG - Save part 'xl/worksheets/sheet1.xml'
15:59:33.485 [main] DEBUG - Save part 'xl/worksheets/sheet2.xml'
15:59:33.485 [main] DEBUG - Save part 'xl/worksheets/sheet3.xml'
15:59:33.512 [main] DEBUG - Parsing relationship: /xl/_rels/workbook.xml.rels
15:59:33.513 [main] DEBUG - Parsing relationship: /xl/worksheets/_rels/sheet2.xml.rels
15:59:33.513 [main] DEBUG - Parsing relationship: /_rels/.rels
15:59:33.529 [main] DEBUG - Save content types part
15:59:33.530 [main] DEBUG - Save package relationships
15:59:33.530 [main] DEBUG - Save part 'docProps/app.xml'
15:59:33.531 [main] DEBUG - Save part 'docProps/core.xml'
15:59:33.531 [main] DEBUG - Save part 'xl/sharedStrings.xml'
15:59:33.532 [main] DEBUG - Save part 'xl/styles.xml'
15:59:33.532 [main] DEBUG - Save part 'xl/theme/theme1.xml'
15:59:33.532 [main] DEBUG - Save part 'xl/workbook.xml'
15:59:33.533 [main] DEBUG - Save part 'xl/worksheets/sheet1.xml'
15:59:33.534 [main] DEBUG - Save part 'xl/worksheets/sheet2.xml'
15:59:33.534 [main] DEBUG - Save part 'xl/worksheets/sheet3.xml'
15:59:33.607 [main] DEBUG - Parsing relationship: /xl/_rels/workbook.xml.rels
15:59:33.607 [main] DEBUG - Parsing relationship: /xl/worksheets/_rels/sheet2.xml.rels
15:59:33.607 [main] DEBUG - Parsing relationship: /_rels/.rels
15:59:33.619 [main] DEBUG - Save content types part
15:59:33.619 [main] DEBUG - Save package relationships
15:59:33.620 [main] DEBUG - Save part 'docProps/app.xml'
15:59:33.620 [main] DEBUG - Save part 'docProps/core.xml'
15:59:33.621 [main] DEBUG - Save part 'xl/sharedStrings.xml'
15:59:33.621 [main] DEBUG - Save part 'xl/styles.xml'
15:59:33.621 [main] DEBUG - Save part 'xl/theme/theme1.xml'
15:59:33.622 [main] DEBUG - Save part 'xl/workbook.xml'
15:59:33.622 [main] DEBUG - Save part 'xl/worksheets/sheet1.xml'
15:59:33.623 [main] DEBUG - Save part 'xl/worksheets/sheet2.xml'
15:59:33.623 [main] DEBUG - Save part 'xl/worksheets/sheet3.xml'
15:59:33.662 [main] DEBUG - Parsing relationship: /xl/_rels/workbook.xml.rels
15:59:33.662 [main] DEBUG - Parsing relationship: /xl/worksheets/_rels/sheet2.xml.rels
15:59:33.662 [main] DEBUG - Parsing relationship: /_rels/.rels
15:59:33.677 [main] DEBUG - Save content types part
15:59:33.678 [main] DEBUG - Save package relationships
15:59:33.679 [main] DEBUG - Save part 'docProps/app.xml'
15:59:33.679 [main] DEBUG - Save part 'docProps/core.xml'
15:59:33.679 [main] DEBUG - Save part 'xl/sharedStrings.xml'
15:59:33.680 [main] DEBUG - Save part 'xl/styles.xml'
15:59:33.680 [main] DEBUG - Save part 'xl/theme/theme1.xml'
15:59:33.680 [main] DEBUG - Save part 'xl/workbook.xml'
15:59:33.681 [main] DEBUG - Save part 'xl/worksheets/sheet1.xml'
15:59:33.681 [main] DEBUG - Save part 'xl/worksheets/sheet2.xml'
15:59:33.682 [main] DEBUG - Save part 'xl/worksheets/sheet3.xml'
15:59:33.709 [main] DEBUG - Parsing relationship: /xl/_rels/workbook.xml.rels
15:59:33.709 [main] DEBUG - Parsing relationship: /xl/worksheets/_rels/sheet2.xml.rels
15:59:33.709 [main] DEBUG - Parsing relationship: /_rels/.rels
15:59:33.721 [main] DEBUG - Save content types part
15:59:33.722 [main] DEBUG - Save package relationships
15:59:33.723 [main] DEBUG - Save part 'docProps/app.xml'
15:59:33.723 [main] DEBUG - Save part 'docProps/core.xml'
15:59:33.723 [main] DEBUG - Save part 'xl/sharedStrings.xml'
15:59:33.723 [main] DEBUG - Save part 'xl/styles.xml'
15:59:33.723 [main] DEBUG - Save part 'xl/theme/theme1.xml'
15:59:33.724 [main] DEBUG - Save part 'xl/workbook.xml'
15:59:33.724 [main] DEBUG - Save part 'xl/worksheets/sheet1.xml'
15:59:33.724 [main] DEBUG - Save part 'xl/worksheets/sheet2.xml'
15:59:33.725 [main] DEBUG - Save part 'xl/worksheets/sheet3.xml'
15:59:33.787 [main] DEBUG - Parsing relationship: /xl/_rels/workbook.xml.rels
15:59:33.787 [main] DEBUG - Parsing relationship: /xl/worksheets/_rels/sheet2.xml.rels
15:59:33.787 [main] DEBUG - Parsing relationship: /_rels/.rels
15:59:33.802 [main] DEBUG - Save content types part
15:59:33.803 [main] DEBUG - Save package relationships
15:59:33.803 [main] DEBUG - Save part 'docProps/app.xml'
15:59:33.803 [main] DEBUG - Save part 'docProps/core.xml'
15:59:33.804 [main] DEBUG - Save part 'xl/sharedStrings.xml'
15:59:33.804 [main] DEBUG - Save part 'xl/styles.xml'
15:59:33.804 [main] DEBUG - Save part 'xl/theme/theme1.xml'
15:59:33.805 [main] DEBUG - Save part 'xl/workbook.xml'
15:59:33.805 [main] DEBUG - Save part 'xl/worksheets/sheet1.xml'
15:59:33.806 [main] DEBUG - Save part 'xl/worksheets/sheet2.xml'
15:59:33.806 [main] DEBUG - Save part 'xl/worksheets/sheet3.xml'
15:59:33.848 [main] DEBUG - Parsing relationship: /xl/_rels/workbook.xml.rels
15:59:33.848 [main] DEBUG - Parsing relationship: /xl/worksheets/_rels/sheet2.xml.rels
15:59:33.848 [main] DEBUG - Parsing relationship: /_rels/.rels
15:59:33.863 [main] DEBUG - Save content types part
15:59:33.864 [main] DEBUG - Save package relationships
15:59:33.865 [main] DEBUG - Save part 'docProps/app.xml'
15:59:33.865 [main] DEBUG - Save part 'docProps/core.xml'
15:59:33.866 [main] DEBUG - Save part 'xl/sharedStrings.xml'
15:59:33.866 [main] DEBUG - Save part 'xl/styles.xml'
15:59:33.866 [main] DEBUG - Save part 'xl/theme/theme1.xml'
15:59:33.866 [main] DEBUG - Save part 'xl/workbook.xml'
15:59:33.867 [main] DEBUG - Save part 'xl/worksheets/sheet1.xml'
15:59:33.867 [main] DEBUG - Save part 'xl/worksheets/sheet2.xml'
15:59:33.868 [main] DEBUG - Save part 'xl/worksheets/sheet3.xml'
15:59:33.891 [main] DEBUG - Parsing relationship: /xl/_rels/workbook.xml.rels
15:59:33.891 [main] DEBUG - Parsing relationship: /xl/worksheets/_rels/sheet2.xml.rels
15:59:33.891 [main] DEBUG - Parsing relationship: /_rels/.rels
15:59:33.901 [main] DEBUG - Save content types part
15:59:33.902 [main] DEBUG - Save package relationships
15:59:33.902 [main] DEBUG - Save part 'docProps/app.xml'
15:59:33.902 [main] DEBUG - Save part 'docProps/core.xml'
15:59:33.903 [main] DEBUG - Save part 'xl/sharedStrings.xml'
15:59:33.903 [main] DEBUG - Save part 'xl/styles.xml'
15:59:33.903 [main] DEBUG - Save part 'xl/theme/theme1.xml'
15:59:33.903 [main] DEBUG - Save part 'xl/workbook.xml'
15:59:33.904 [main] DEBUG - Save part 'xl/worksheets/sheet1.xml'
15:59:33.904 [main] DEBUG - Save part 'xl/worksheets/sheet2.xml'
15:59:33.905 [main] DEBUG - Save part 'xl/worksheets/sheet3.xml'
15:59:33.958 [main] DEBUG - Parsing relationship: /xl/_rels/workbook.xml.rels
15:59:33.958 [main] DEBUG - Parsing relationship: /xl/worksheets/_rels/sheet2.xml.rels
15:59:33.958 [main] DEBUG - Parsing relationship: /_rels/.rels
15:59:33.968 [main] DEBUG - Save content types part
15:59:33.969 [main] DEBUG - Save package relationships
15:59:33.971 [main] DEBUG - Save part 'docProps/app.xml'
15:59:33.971 [main] DEBUG - Save part 'docProps/core.xml'
15:59:33.971 [main] DEBUG - Save part 'xl/sharedStrings.xml'
15:59:33.971 [main] DEBUG - Save part 'xl/styles.xml'
15:59:33.971 [main] DEBUG - Save part 'xl/theme/theme1.xml'
15:59:33.972 [main] DEBUG - Save part 'xl/workbook.xml'
15:59:33.973 [main] DEBUG - Save part 'xl/worksheets/sheet1.xml'
15:59:33.973 [main] DEBUG - Save part 'xl/worksheets/sheet2.xml'
15:59:33.973 [main] DEBUG - Save part 'xl/worksheets/sheet3.xml'
15:59:33.997 [main] DEBUG - Parsing relationship: /xl/_rels/workbook.xml.rels
15:59:33.998 [main] DEBUG - Parsing relationship: /xl/worksheets/_rels/sheet2.xml.rels
15:59:33.998 [main] DEBUG - Parsing relationship: /_rels/.rels
15:59:34.013 [main] DEBUG - Save content types part
15:59:34.013 [main] DEBUG - Save package relationships
15:59:34.014 [main] DEBUG - Save part 'docProps/app.xml'
15:59:34.014 [main] DEBUG - Save part 'docProps/core.xml'
15:59:34.015 [main] DEBUG - Save part 'xl/sharedStrings.xml'
15:59:34.015 [main] DEBUG - Save part 'xl/styles.xml'
15:59:34.015 [main] DEBUG - Save part 'xl/theme/theme1.xml'
15:59:34.015 [main] DEBUG - Save part 'xl/workbook.xml'
15:59:34.016 [main] DEBUG - Save part 'xl/worksheets/sheet1.xml'
15:59:34.016 [main] DEBUG - Save part 'xl/worksheets/sheet2.xml'
15:59:34.017 [main] DEBUG - Save part 'xl/worksheets/sheet3.xml'
15:59:34.043 [main] DEBUG - Parsing relationship: /xl/_rels/workbook.xml.rels
15:59:34.044 [main] DEBUG - Parsing relationship: /xl/worksheets/_rels/sheet2.xml.rels
15:59:34.044 [main] DEBUG - Parsing relationship: /_rels/.rels
15:59:34.057 [main] DEBUG - Save content types part
15:59:34.058 [main] DEBUG - Save package relationships
15:59:34.058 [main] DEBUG - Save part 'docProps/app.xml'
15:59:34.058 [main] DEBUG - Save part 'docProps/core.xml'
15:59:34.059 [main] DEBUG - Save part 'xl/sharedStrings.xml'
15:59:34.059 [main] DEBUG - Save part 'xl/styles.xml'
15:59:34.060 [main] DEBUG - Save part 'xl/theme/theme1.xml'
15:59:34.060 [main] DEBUG - Save part 'xl/workbook.xml'
15:59:34.061 [main] DEBUG - Save part 'xl/worksheets/sheet1.xml'
15:59:34.061 [main] DEBUG - Save part 'xl/worksheets/sheet2.xml'
15:59:34.062 [main] DEBUG - Save part 'xl/worksheets/sheet3.xml'
15:59:34.124 [main] DEBUG - Parsing relationship: /xl/_rels/workbook.xml.rels
15:59:34.124 [main] DEBUG - Parsing relationship: /xl/worksheets/_rels/sheet2.xml.rels
15:59:34.124 [main] DEBUG - Parsing relationship: /_rels/.rels
15:59:34.136 [main] DEBUG - Save content types part
15:59:34.136 [main] DEBUG - Save package relationships
15:59:34.137 [main] DEBUG - Save part 'docProps/app.xml'
15:59:34.137 [main] DEBUG - Save part 'docProps/core.xml'
15:59:34.138 [main] DEBUG - Save part 'xl/sharedStrings.xml'
15:59:34.138 [main] DEBUG - Save part 'xl/styles.xml'
15:59:34.138 [main] DEBUG - Save part 'xl/theme/theme1.xml'
15:59:34.138 [main] DEBUG - Save part 'xl/workbook.xml'
15:59:34.139 [main] DEBUG - Save part 'xl/worksheets/sheet1.xml'
15:59:34.139 [main] DEBUG - Save part 'xl/worksheets/sheet2.xml'
15:59:34.140 [main] DEBUG - Save part 'xl/worksheets/sheet3.xml'
15:59:34.167 [main] DEBUG - Parsing relationship: /xl/_rels/workbook.xml.rels
15:59:34.168 [main] DEBUG - Parsing relationship: /xl/worksheets/_rels/sheet2.xml.rels
15:59:34.168 [main] DEBUG - Parsing relationship: /_rels/.rels
15:59:34.180 [main] DEBUG - Save content types part
15:59:34.181 [main] DEBUG - Save package relationships
15:59:34.182 [main] DEBUG - Save part 'docProps/app.xml'
15:59:34.182 [main] DEBUG - Save part 'docProps/core.xml'
15:59:34.182 [main] DEBUG - Save part 'xl/sharedStrings.xml'
15:59:34.182 [main] DEBUG - Save part 'xl/styles.xml'
15:59:34.183 [main] DEBUG - Save part 'xl/theme/theme1.xml'
15:59:34.183 [main] DEBUG - Save part 'xl/workbook.xml'
15:59:34.183 [main] DEBUG - Save part 'xl/worksheets/sheet1.xml'
15:59:34.184 [main] DEBUG - Save part 'xl/worksheets/sheet2.xml'
15:59:34.184 [main] DEBUG - Save part 'xl/worksheets/sheet3.xml'
15:59:34.209 [main] DEBUG - Parsing relationship: /xl/_rels/workbook.xml.rels
15:59:34.209 [main] DEBUG - Parsing relationship: /xl/worksheets/_rels/sheet2.xml.rels
15:59:34.210 [main] DEBUG - Parsing relationship: /_rels/.rels
15:59:34.222 [main] DEBUG - Save content types part
15:59:34.223 [main] DEBUG - Save package relationships
15:59:34.223 [main] DEBUG - Save part 'docProps/app.xml'
15:59:34.223 [main] DEBUG - Save part 'docProps/core.xml'
15:59:34.224 [main] DEBUG - Save part 'xl/sharedStrings.xml'
15:59:34.224 [main] DEBUG - Save part 'xl/styles.xml'
15:59:34.224 [main] DEBUG - Save part 'xl/theme/theme1.xml'
15:59:34.224 [main] DEBUG - Save part 'xl/workbook.xml'
15:59:34.225 [main] DEBUG - Save part 'xl/worksheets/sheet1.xml'
15:59:34.225 [main] DEBUG - Save part 'xl/worksheets/sheet2.xml'
15:59:34.226 [main] DEBUG - Save part 'xl/worksheets/sheet3.xml'
15:59:34.289 [main] DEBUG - Parsing relationship: /xl/_rels/workbook.xml.rels
15:59:34.289 [main] DEBUG - Parsing relationship: /xl/worksheets/_rels/sheet2.xml.rels
15:59:34.289 [main] DEBUG - Parsing relationship: /_rels/.rels
15:59:34.307 [main] DEBUG - Save content types part
15:59:34.308 [main] DEBUG - Save package relationships
15:59:34.309 [main] DEBUG - Save part 'docProps/app.xml'
15:59:34.309 [main] DEBUG - Save part 'docProps/core.xml'
15:59:34.310 [main] DEBUG - Save part 'xl/sharedStrings.xml'
15:59:34.310 [main] DEBUG - Save part 'xl/styles.xml'
15:59:34.310 [main] DEBUG - Save part 'xl/theme/theme1.xml'
15:59:34.310 [main] DEBUG - Save part 'xl/workbook.xml'
15:59:34.311 [main] DEBUG - Save part 'xl/worksheets/sheet1.xml'
15:59:34.312 [main] DEBUG - Save part 'xl/worksheets/sheet2.xml'
15:59:34.312 [main] DEBUG - Save part 'xl/worksheets/sheet3.xml'
15:59:34.350 [main] DEBUG - Parsing relationship: /xl/_rels/workbook.xml.rels
15:59:34.351 [main] DEBUG - Parsing relationship: /xl/worksheets/_rels/sheet2.xml.rels
15:59:34.351 [main] DEBUG - Parsing relationship: /_rels/.rels
15:59:34.365 [main] DEBUG - Save content types part
15:59:34.366 [main] DEBUG - Save package relationships
15:59:34.366 [main] DEBUG - Save part 'docProps/app.xml'
15:59:34.366 [main] DEBUG - Save part 'docProps/core.xml'
15:59:34.367 [main] DEBUG - Save part 'xl/sharedStrings.xml'
15:59:34.367 [main] DEBUG - Save part 'xl/styles.xml'
15:59:34.367 [main] DEBUG - Save part 'xl/theme/theme1.xml'
15:59:34.367 [main] DEBUG - Save part 'xl/workbook.xml'
15:59:34.368 [main] DEBUG - Save part 'xl/worksheets/sheet1.xml'
15:59:34.368 [main] DEBUG - Save part 'xl/worksheets/sheet2.xml'
15:59:34.369 [main] DEBUG - Save part 'xl/worksheets/sheet3.xml'
15:59:34.410 [main] DEBUG - Parsing relationship: /xl/_rels/workbook.xml.rels
15:59:34.411 [main] DEBUG - Parsing relationship: /xl/worksheets/_rels/sheet2.xml.rels
15:59:34.411 [main] DEBUG - Parsing relationship: /_rels/.rels
15:59:34.423 [main] DEBUG - Save content types part
15:59:34.423 [main] DEBUG - Save package relationships
15:59:34.424 [main] DEBUG - Save part 'docProps/app.xml'
15:59:34.424 [main] DEBUG - Save part 'docProps/core.xml'
15:59:34.425 [main] DEBUG - Save part 'xl/sharedStrings.xml'
15:59:34.425 [main] DEBUG - Save part 'xl/styles.xml'
15:59:34.425 [main] DEBUG - Save part 'xl/theme/theme1.xml'
15:59:34.426 [main] DEBUG - Save part 'xl/workbook.xml'
15:59:34.427 [main] DEBUG - Save part 'xl/worksheets/sheet1.xml'
15:59:34.428 [main] DEBUG - Save part 'xl/worksheets/sheet2.xml'
15:59:34.429 [main] DEBUG - Save part 'xl/worksheets/sheet3.xml'
15:59:34.652 [main] INFO  - Scrolling to popularcities
15:59:34.820 [main] INFO  - *** ending with popular city names***
15:59:34.852 [main] DEBUG - Parsing relationship: /xl/_rels/workbook.xml.rels
15:59:34.852 [main] DEBUG - Parsing relationship: /xl/worksheets/_rels/sheet2.xml.rels
15:59:34.853 [main] DEBUG - Parsing relationship: /_rels/.rels
15:59:34.868 [main] DEBUG - Save content types part
15:59:34.869 [main] DEBUG - Save package relationships
15:59:34.870 [main] DEBUG - Save part 'docProps/app.xml'
15:59:34.870 [main] DEBUG - Save part 'docProps/core.xml'
15:59:34.871 [main] DEBUG - Save part 'xl/sharedStrings.xml'
15:59:34.871 [main] DEBUG - Save part 'xl/styles.xml'
15:59:34.871 [main] DEBUG - Save part 'xl/theme/theme1.xml'
15:59:34.872 [main] DEBUG - Save part 'xl/workbook.xml'
15:59:34.872 [main] DEBUG - Save part 'xl/worksheets/sheet1.xml'
15:59:34.873 [main] DEBUG - Save part 'xl/worksheets/sheet2.xml'
15:59:34.873 [main] DEBUG - Save part 'xl/worksheets/sheet3.xml'
15:59:34.929 [main] DEBUG - Parsing relationship: /xl/_rels/workbook.xml.rels
15:59:34.930 [main] DEBUG - Parsing relationship: /xl/worksheets/_rels/sheet2.xml.rels
15:59:34.930 [main] DEBUG - Parsing relationship: /_rels/.rels
15:59:34.943 [main] DEBUG - Save content types part
15:59:34.944 [main] DEBUG - Save package relationships
15:59:34.945 [main] DEBUG - Save part 'docProps/app.xml'
15:59:34.945 [main] DEBUG - Save part 'docProps/core.xml'
15:59:34.946 [main] DEBUG - Save part 'xl/sharedStrings.xml'
15:59:34.946 [main] DEBUG - Save part 'xl/styles.xml'
15:59:34.946 [main] DEBUG - Save part 'xl/theme/theme1.xml'
15:59:34.946 [main] DEBUG - Save part 'xl/workbook.xml'
15:59:34.947 [main] DEBUG - Save part 'xl/worksheets/sheet1.xml'
15:59:34.947 [main] DEBUG - Save part 'xl/worksheets/sheet2.xml'
15:59:34.948 [main] DEBUG - Save part 'xl/worksheets/sheet3.xml'
15:59:34.970 [main] DEBUG - Parsing relationship: /xl/_rels/workbook.xml.rels
15:59:34.970 [main] DEBUG - Parsing relationship: /xl/worksheets/_rels/sheet2.xml.rels
15:59:34.970 [main] DEBUG - Parsing relationship: /_rels/.rels
15:59:34.987 [main] DEBUG - Save content types part
15:59:34.988 [main] DEBUG - Save package relationships
15:59:34.988 [main] DEBUG - Save part 'docProps/app.xml'
15:59:34.989 [main] DEBUG - Save part 'docProps/core.xml'
15:59:34.990 [main] DEBUG - Save part 'xl/sharedStrings.xml'
15:59:34.990 [main] DEBUG - Save part 'xl/styles.xml'
15:59:34.990 [main] DEBUG - Save part 'xl/theme/theme1.xml'
15:59:34.990 [main] DEBUG - Save part 'xl/workbook.xml'
15:59:34.991 [main] DEBUG - Save part 'xl/worksheets/sheet1.xml'
15:59:34.992 [main] DEBUG - Save part 'xl/worksheets/sheet2.xml'
15:59:34.993 [main] DEBUG - Save part 'xl/worksheets/sheet3.xml'
15:59:35.048 [main] DEBUG - Parsing relationship: /xl/_rels/workbook.xml.rels
15:59:35.049 [main] DEBUG - Parsing relationship: /xl/worksheets/_rels/sheet2.xml.rels
15:59:35.049 [main] DEBUG - Parsing relationship: /_rels/.rels
15:59:35.066 [main] DEBUG - Save content types part
15:59:35.067 [main] DEBUG - Save package relationships
15:59:35.068 [main] DEBUG - Save part 'docProps/app.xml'
15:59:35.068 [main] DEBUG - Save part 'docProps/core.xml'
15:59:35.068 [main] DEBUG - Save part 'xl/sharedStrings.xml'
15:59:35.068 [main] DEBUG - Save part 'xl/styles.xml'
15:59:35.069 [main] DEBUG - Save part 'xl/theme/theme1.xml'
15:59:35.069 [main] DEBUG - Save part 'xl/workbook.xml'
15:59:35.070 [main] DEBUG - Save part 'xl/worksheets/sheet1.xml'
15:59:35.070 [main] DEBUG - Save part 'xl/worksheets/sheet2.xml'
15:59:35.071 [main] DEBUG - Save part 'xl/worksheets/sheet3.xml'
15:59:35.099 [main] DEBUG - Parsing relationship: /xl/_rels/workbook.xml.rels
15:59:35.099 [main] DEBUG - Parsing relationship: /xl/worksheets/_rels/sheet2.xml.rels
15:59:35.100 [main] DEBUG - Parsing relationship: /_rels/.rels
15:59:35.117 [main] DEBUG - Save content types part
15:59:35.118 [main] DEBUG - Save package relationships
15:59:35.118 [main] DEBUG - Save part 'docProps/app.xml'
15:59:35.118 [main] DEBUG - Save part 'docProps/core.xml'
15:59:35.120 [main] DEBUG - Save part 'xl/sharedStrings.xml'
15:59:35.120 [main] DEBUG - Save part 'xl/styles.xml'
15:59:35.121 [main] DEBUG - Save part 'xl/theme/theme1.xml'
15:59:35.122 [main] DEBUG - Save part 'xl/workbook.xml'
15:59:35.123 [main] DEBUG - Save part 'xl/worksheets/sheet1.xml'
15:59:35.123 [main] DEBUG - Save part 'xl/worksheets/sheet2.xml'
15:59:35.125 [main] DEBUG - Save part 'xl/worksheets/sheet3.xml'
15:59:35.180 [main] DEBUG - Parsing relationship: /xl/_rels/workbook.xml.rels
15:59:35.181 [main] DEBUG - Parsing relationship: /xl/worksheets/_rels/sheet2.xml.rels
15:59:35.181 [main] DEBUG - Parsing relationship: /_rels/.rels
15:59:35.197 [main] DEBUG - Save content types part
15:59:35.198 [main] DEBUG - Save package relationships
15:59:35.199 [main] DEBUG - Save part 'docProps/app.xml'
15:59:35.199 [main] DEBUG - Save part 'docProps/core.xml'
15:59:35.200 [main] DEBUG - Save part 'xl/sharedStrings.xml'
15:59:35.200 [main] DEBUG - Save part 'xl/styles.xml'
15:59:35.200 [main] DEBUG - Save part 'xl/theme/theme1.xml'
15:59:35.201 [main] DEBUG - Save part 'xl/workbook.xml'
15:59:35.202 [main] DEBUG - Save part 'xl/worksheets/sheet1.xml'
15:59:35.202 [main] DEBUG - Save part 'xl/worksheets/sheet2.xml'
15:59:35.203 [main] DEBUG - Save part 'xl/worksheets/sheet3.xml'
15:59:35.236 [main] DEBUG - Parsing relationship: /xl/_rels/workbook.xml.rels
15:59:35.236 [main] DEBUG - Parsing relationship: /xl/worksheets/_rels/sheet2.xml.rels
15:59:35.237 [main] DEBUG - Parsing relationship: /_rels/.rels
15:59:35.250 [main] DEBUG - Save content types part
15:59:35.251 [main] DEBUG - Save package relationships
15:59:35.251 [main] DEBUG - Save part 'docProps/app.xml'
15:59:35.252 [main] DEBUG - Save part 'docProps/core.xml'
15:59:35.252 [main] DEBUG - Save part 'xl/sharedStrings.xml'
15:59:35.252 [main] DEBUG - Save part 'xl/styles.xml'
15:59:35.252 [main] DEBUG - Save part 'xl/theme/theme1.xml'
15:59:35.253 [main] DEBUG - Save part 'xl/workbook.xml'
15:59:35.253 [main] DEBUG - Save part 'xl/worksheets/sheet1.xml'
15:59:35.253 [main] DEBUG - Save part 'xl/worksheets/sheet2.xml'
15:59:35.254 [main] DEBUG - Save part 'xl/worksheets/sheet3.xml'
15:59:35.302 [main] DEBUG - Parsing relationship: /xl/_rels/workbook.xml.rels
15:59:35.302 [main] DEBUG - Parsing relationship: /xl/worksheets/_rels/sheet2.xml.rels
15:59:35.303 [main] DEBUG - Parsing relationship: /_rels/.rels
15:59:35.318 [main] DEBUG - Save content types part
15:59:35.319 [main] DEBUG - Save package relationships
15:59:35.320 [main] DEBUG - Save part 'docProps/app.xml'
15:59:35.320 [main] DEBUG - Save part 'docProps/core.xml'
15:59:35.320 [main] DEBUG - Save part 'xl/sharedStrings.xml'
15:59:35.321 [main] DEBUG - Save part 'xl/styles.xml'
15:59:35.321 [main] DEBUG - Save part 'xl/theme/theme1.xml'
15:59:35.321 [main] DEBUG - Save part 'xl/workbook.xml'
15:59:35.322 [main] DEBUG - Save part 'xl/worksheets/sheet1.xml'
15:59:35.322 [main] DEBUG - Save part 'xl/worksheets/sheet2.xml'
15:59:35.323 [main] DEBUG - Save part 'xl/worksheets/sheet3.xml'
15:59:35.349 [main] DEBUG - Parsing relationship: /xl/_rels/workbook.xml.rels
15:59:35.350 [main] DEBUG - Parsing relationship: /xl/worksheets/_rels/sheet2.xml.rels
15:59:35.350 [main] DEBUG - Parsing relationship: /_rels/.rels
15:59:35.364 [main] DEBUG - Save content types part
15:59:35.365 [main] DEBUG - Save package relationships
15:59:35.365 [main] DEBUG - Save part 'docProps/app.xml'
15:59:35.365 [main] DEBUG - Save part 'docProps/core.xml'
15:59:35.366 [main] DEBUG - Save part 'xl/sharedStrings.xml'
15:59:35.366 [main] DEBUG - Save part 'xl/styles.xml'
15:59:35.366 [main] DEBUG - Save part 'xl/theme/theme1.xml'
15:59:35.366 [main] DEBUG - Save part 'xl/workbook.xml'
15:59:35.366 [main] DEBUG - Save part 'xl/worksheets/sheet1.xml'
15:59:35.367 [main] DEBUG - Save part 'xl/worksheets/sheet2.xml'
15:59:35.367 [main] DEBUG - Save part 'xl/worksheets/sheet3.xml'
15:59:35.416 [main] DEBUG - Parsing relationship: /xl/_rels/workbook.xml.rels
15:59:35.416 [main] DEBUG - Parsing relationship: /xl/worksheets/_rels/sheet2.xml.rels
15:59:35.417 [main] DEBUG - Parsing relationship: /_rels/.rels
15:59:35.432 [main] DEBUG - Save content types part
15:59:35.433 [main] DEBUG - Save package relationships
15:59:35.434 [main] DEBUG - Save part 'docProps/app.xml'
15:59:35.434 [main] DEBUG - Save part 'docProps/core.xml'
15:59:35.434 [main] DEBUG - Save part 'xl/sharedStrings.xml'
15:59:35.435 [main] DEBUG - Save part 'xl/styles.xml'
15:59:35.435 [main] DEBUG - Save part 'xl/theme/theme1.xml'
15:59:35.435 [main] DEBUG - Save part 'xl/workbook.xml'
15:59:35.436 [main] DEBUG - Save part 'xl/worksheets/sheet1.xml'
15:59:35.436 [main] DEBUG - Save part 'xl/worksheets/sheet2.xml'
15:59:35.437 [main] DEBUG - Save part 'xl/worksheets/sheet3.xml'
15:59:35.465 [main] DEBUG - Parsing relationship: /xl/_rels/workbook.xml.rels
15:59:35.465 [main] DEBUG - Parsing relationship: /xl/worksheets/_rels/sheet2.xml.rels
15:59:35.465 [main] DEBUG - Parsing relationship: /_rels/.rels
15:59:35.480 [main] DEBUG - Save content types part
15:59:35.481 [main] DEBUG - Save package relationships
15:59:35.481 [main] DEBUG - Save part 'docProps/app.xml'
15:59:35.481 [main] DEBUG - Save part 'docProps/core.xml'
15:59:35.482 [main] DEBUG - Save part 'xl/sharedStrings.xml'
15:59:35.482 [main] DEBUG - Save part 'xl/styles.xml'
15:59:35.482 [main] DEBUG - Save part 'xl/theme/theme1.xml'
15:59:35.483 [main] DEBUG - Save part 'xl/workbook.xml'
15:59:35.483 [main] DEBUG - Save part 'xl/worksheets/sheet1.xml'
15:59:35.484 [main] DEBUG - Save part 'xl/worksheets/sheet2.xml'
15:59:35.484 [main] DEBUG - Save part 'xl/worksheets/sheet3.xml'
15:59:35.532 [main] DEBUG - Parsing relationship: /xl/_rels/workbook.xml.rels
15:59:35.533 [main] DEBUG - Parsing relationship: /xl/worksheets/_rels/sheet2.xml.rels
15:59:35.533 [main] DEBUG - Parsing relationship: /_rels/.rels
15:59:35.548 [main] DEBUG - Save content types part
15:59:35.549 [main] DEBUG - Save package relationships
15:59:35.549 [main] DEBUG - Save part 'docProps/app.xml'
15:59:35.550 [main] DEBUG - Save part 'docProps/core.xml'
15:59:35.550 [main] DEBUG - Save part 'xl/sharedStrings.xml'
15:59:35.550 [main] DEBUG - Save part 'xl/styles.xml'
15:59:35.551 [main] DEBUG - Save part 'xl/theme/theme1.xml'
15:59:35.551 [main] DEBUG - Save part 'xl/workbook.xml'
15:59:35.552 [main] DEBUG - Save part 'xl/worksheets/sheet1.xml'
15:59:35.552 [main] DEBUG - Save part 'xl/worksheets/sheet2.xml'
15:59:35.553 [main] DEBUG - Save part 'xl/worksheets/sheet3.xml'
15:59:35.577 [main] DEBUG - Parsing relationship: /xl/_rels/workbook.xml.rels
15:59:35.577 [main] DEBUG - Parsing relationship: /xl/worksheets/_rels/sheet2.xml.rels
15:59:35.577 [main] DEBUG - Parsing relationship: /_rels/.rels
15:59:35.591 [main] DEBUG - Save content types part
15:59:35.592 [main] DEBUG - Save package relationships
15:59:35.593 [main] DEBUG - Save part 'docProps/app.xml'
15:59:35.593 [main] DEBUG - Save part 'docProps/core.xml'
15:59:35.594 [main] DEBUG - Save part 'xl/sharedStrings.xml'
15:59:35.594 [main] DEBUG - Save part 'xl/styles.xml'
15:59:35.594 [main] DEBUG - Save part 'xl/theme/theme1.xml'
15:59:35.594 [main] DEBUG - Save part 'xl/workbook.xml'
15:59:35.596 [main] DEBUG - Save part 'xl/worksheets/sheet1.xml'
15:59:35.596 [main] DEBUG - Save part 'xl/worksheets/sheet2.xml'
15:59:35.597 [main] DEBUG - Save part 'xl/worksheets/sheet3.xml'
15:59:35.654 [main] DEBUG - Parsing relationship: /xl/_rels/workbook.xml.rels
15:59:35.654 [main] DEBUG - Parsing relationship: /xl/worksheets/_rels/sheet2.xml.rels
15:59:35.655 [main] DEBUG - Parsing relationship: /_rels/.rels
15:59:35.672 [main] DEBUG - Save content types part
15:59:35.673 [main] DEBUG - Save package relationships
15:59:35.673 [main] DEBUG - Save part 'docProps/app.xml'
15:59:35.674 [main] DEBUG - Save part 'docProps/core.xml'
15:59:35.675 [main] DEBUG - Save part 'xl/sharedStrings.xml'
15:59:35.675 [main] DEBUG - Save part 'xl/styles.xml'
15:59:35.675 [main] DEBUG - Save part 'xl/theme/theme1.xml'
15:59:35.675 [main] DEBUG - Save part 'xl/workbook.xml'
15:59:35.677 [main] DEBUG - Save part 'xl/worksheets/sheet1.xml'
15:59:35.677 [main] DEBUG - Save part 'xl/worksheets/sheet2.xml'
15:59:35.678 [main] DEBUG - Save part 'xl/worksheets/sheet3.xml'
15:59:35.705 [main] DEBUG - Parsing relationship: /xl/_rels/workbook.xml.rels
15:59:35.705 [main] DEBUG - Parsing relationship: /xl/worksheets/_rels/sheet2.xml.rels
15:59:35.706 [main] DEBUG - Parsing relationship: /_rels/.rels
15:59:35.716 [main] DEBUG - Save content types part
15:59:35.717 [main] DEBUG - Save package relationships
15:59:35.717 [main] DEBUG - Save part 'docProps/app.xml'
15:59:35.717 [main] DEBUG - Save part 'docProps/core.xml'
15:59:35.718 [main] DEBUG - Save part 'xl/sharedStrings.xml'
15:59:35.718 [main] DEBUG - Save part 'xl/styles.xml'
15:59:35.718 [main] DEBUG - Save part 'xl/theme/theme1.xml'
15:59:35.718 [main] DEBUG - Save part 'xl/workbook.xml'
15:59:35.719 [main] DEBUG - Save part 'xl/worksheets/sheet1.xml'
15:59:35.719 [main] DEBUG - Save part 'xl/worksheets/sheet2.xml'
15:59:35.720 [main] DEBUG - Save part 'xl/worksheets/sheet3.xml'
15:59:35.779 [main] DEBUG - Parsing relationship: /xl/_rels/workbook.xml.rels
15:59:35.780 [main] DEBUG - Parsing relationship: /xl/worksheets/_rels/sheet2.xml.rels
15:59:35.780 [main] DEBUG - Parsing relationship: /_rels/.rels
15:59:35.791 [main] DEBUG - Save content types part
15:59:35.792 [main] DEBUG - Save package relationships
15:59:35.792 [main] DEBUG - Save part 'docProps/app.xml'
15:59:35.793 [main] DEBUG - Save part 'docProps/core.xml'
15:59:35.794 [main] DEBUG - Save part 'xl/sharedStrings.xml'
15:59:35.794 [main] DEBUG - Save part 'xl/styles.xml'
15:59:35.794 [main] DEBUG - Save part 'xl/theme/theme1.xml'
15:59:35.794 [main] DEBUG - Save part 'xl/workbook.xml'
15:59:35.795 [main] DEBUG - Save part 'xl/worksheets/sheet1.xml'
15:59:35.795 [main] DEBUG - Save part 'xl/worksheets/sheet2.xml'
15:59:35.796 [main] DEBUG - Save part 'xl/worksheets/sheet3.xml'
15:59:35.823 [main] DEBUG - Parsing relationship: /xl/_rels/workbook.xml.rels
15:59:35.824 [main] DEBUG - Parsing relationship: /xl/worksheets/_rels/sheet2.xml.rels
15:59:35.824 [main] DEBUG - Parsing relationship: /_rels/.rels
15:59:35.844 [main] DEBUG - Save content types part
15:59:35.846 [main] DEBUG - Save package relationships
15:59:35.847 [main] DEBUG - Save part 'docProps/app.xml'
15:59:35.847 [main] DEBUG - Save part 'docProps/core.xml'
15:59:35.848 [main] DEBUG - Save part 'xl/sharedStrings.xml'
15:59:35.848 [main] DEBUG - Save part 'xl/styles.xml'
15:59:35.849 [main] DEBUG - Save part 'xl/theme/theme1.xml'
15:59:35.866 [main] DEBUG - Save part 'xl/workbook.xml'
15:59:35.867 [main] DEBUG - Save part 'xl/worksheets/sheet1.xml'
15:59:35.868 [main] DEBUG - Save part 'xl/worksheets/sheet2.xml'
15:59:35.869 [main] DEBUG - Save part 'xl/worksheets/sheet3.xml'
15:59:35.930 [main] DEBUG - Parsing relationship: /xl/_rels/workbook.xml.rels
15:59:35.930 [main] DEBUG - Parsing relationship: /xl/worksheets/_rels/sheet2.xml.rels
15:59:35.931 [main] DEBUG - Parsing relationship: /_rels/.rels
15:59:35.951 [main] DEBUG - Save content types part
15:59:35.952 [main] DEBUG - Save package relationships
15:59:35.953 [main] DEBUG - Save part 'docProps/app.xml'
15:59:35.953 [main] DEBUG - Save part 'docProps/core.xml'
15:59:35.953 [main] DEBUG - Save part 'xl/sharedStrings.xml'
15:59:35.954 [main] DEBUG - Save part 'xl/styles.xml'
15:59:35.954 [main] DEBUG - Save part 'xl/theme/theme1.xml'
15:59:35.954 [main] DEBUG - Save part 'xl/workbook.xml'
15:59:35.955 [main] DEBUG - Save part 'xl/worksheets/sheet1.xml'
15:59:35.955 [main] DEBUG - Save part 'xl/worksheets/sheet2.xml'
15:59:35.956 [main] DEBUG - Save part 'xl/worksheets/sheet3.xml'
